This file contains any messages produced by compilers while
running configure, to aid debugging if configure makes a mistake.

It was created by EXIF library configure 0.6.20, which was
generated by GNU Autoconf 2.65.  Invocation command line was

  $ ./configure --host=mipsel-linux --enable-static --disable-nls --disable-docs --prefix=/root/RT-N56U/source/user/libexif-0.6.20/source/../install

## --------- ##
## Platform. ##
## --------- ##

hostname = F13
uname -m = i686
uname -r = 2.6.33.3-85.fc13.i686.PAE
uname -s = Linux
uname -v = #1 SMP Thu May 6 18:27:11 UTC 2010

/usr/bin/uname -p = unknown
/bin/uname -X     = unknown

/bin/arch              = i686
/usr/bin/arch -k       = unknown
/usr/convex/getsysinfo = unknown
/usr/bin/hostinfo      = unknown
/bin/machine           = unknown
/usr/bin/oslevel       = unknown
/bin/universe          = unknown

PATH: /usr/lib/qt-3.3/bin
PATH: /usr/kerberos/sbin
PATH: /usr/kerberos/bin
PATH: /usr/lib/ccache
PATH: /opt/buildroot-gdb/bin
PATH: /usr/local/sbin
PATH: /usr/sbin
PATH: /sbin
PATH: /usr/local/bin
PATH: /usr/bin
PATH: /bin
PATH: /root/bin
PATH: /root/RT-N56U/source/tools


## ----------- ##
## Core tests. ##
## ----------- ##

configure:2319: checking for a BSD-compatible install
configure:2387: result: /usr/bin/install -c
configure:2398: checking whether build environment is sane
configure:2448: result: yes
configure:2497: checking for mipsel-linux-strip
configure:2524: result: /opt/buildroot-gcc342/bin/mipsel-linux-uclibc-strip
configure:2589: checking for a thread-safe mkdir -p
configure:2628: result: /bin/mkdir -p
configure:2641: checking for gawk
configure:2657: found /usr/bin/gawk
configure:2668: result: gawk
configure:2679: checking whether make sets $(MAKE)
configure:2701: result: yes
configure:2782: checking whether to enable maintainer-specific portions of Makefiles
configure:2791: result: no
configure:2844: checking for POSIX sh $() command substitution
configure:2848: result: yes
configure:2919: checking for mipsel-linux-gcc
configure:2946: result: /opt/buildroot-gcc342/bin/mipsel-linux-uclibc-gcc 
configure:3215: checking for C compiler version
configure:3224: /opt/buildroot-gcc342/bin/mipsel-linux-uclibc-gcc  --version >&5
mipsel-linux-uclibc-gcc (GCC) 3.4.2
Copyright (C) 2004 Free Software Foundation, Inc.
This is free software; see the source for copying conditions.  There is NO
warranty; not even for MERCHANTABILITY or FITNESS FOR A PARTICULAR PURPOSE.

configure:3235: $? = 0
configure:3224: /opt/buildroot-gcc342/bin/mipsel-linux-uclibc-gcc  -v >&5
Reading specs from /opt/buildroot-gcc342/bin/../lib/gcc/mipsel-linux-uclibc/3.4.2/specs
Configured with: /home/winfred/RT288x_SDK/toolchain/buildroot/toolchain_build_mipsel/gcc-3.4.2/configure --prefix=/home/winfred/RT288x_SDK/toolchain/buildroot-gdb --build=i386-pc-linux-gnu --host=i386-pc-linux-gnu --target=mipsel-linux-uclibc --enable-languages=c,c++ --disable-__cxa_atexit --enable-target-optspace --with-gnu-ld --disable-shared --disable-nls --enable-threads --enable-multilib --enable-sjlj-exceptions : (reconfigured) /home/winfred/RT288x_SDK/toolchain/buildroot/toolchain_build_mipsel/gcc-3.4.2/configure --prefix=/home/winfred/RT288x_SDK/toolchain/buildroot-gdb --build=i386-pc-linux-gnu --host=i386-pc-linux-gnu --target=mipsel-linux-uclibc --enable-languages=c,c++ --disable-__cxa_atexit --enable-target-optspace --with-gnu-ld --disable-shared --disable-nls --enable-threads --enable-multilib --enable-sjlj-exceptions
Thread model: posix
gcc version 3.4.2
configure:3235: $? = 0
configure:3224: /opt/buildroot-gcc342/bin/mipsel-linux-uclibc-gcc  -V >&5
mipsel-linux-uclibc-gcc: `-V' option must have argument
configure:3235: $? = 1
configure:3224: /opt/buildroot-gcc342/bin/mipsel-linux-uclibc-gcc  -qversion >&5
mipsel-linux-uclibc-gcc: unrecognized option `-qversion'
mipsel-linux-uclibc-gcc: no input files
configure:3235: $? = 1
configure:3255: checking whether the C compiler works
configure:3277: /opt/buildroot-gcc342/bin/mipsel-linux-uclibc-gcc  -O2 -fomit-frame-pointer -pipe  -Dlinux -D__linux__ -Dunix -DEMBED -I/root/RT-N56U/source/lib/include -I/root/RT-N56U/source/uClibc++/include -I/root/RT-N56U/source   -Wl,--fatal-warnings -L/root/RT-N56U/source/lib/lib -L/root/RT-N56U/source/uClibc++/src -Wl,--fatal-warnings -L/root/RT-N56U/source/lib/lib -L/root/RT-N56U/source/uClibc++/src conftest.c  >&5
configure:3281: $? = 0
configure:3330: result: yes
configure:3333: checking for C compiler default output file name
configure:3335: result: a.out
configure:3341: checking for suffix of executables
configure:3348: /opt/buildroot-gcc342/bin/mipsel-linux-uclibc-gcc  -o conftest -O2 -fomit-frame-pointer -pipe  -Dlinux -D__linux__ -Dunix -DEMBED -I/root/RT-N56U/source/lib/include -I/root/RT-N56U/source/uClibc++/include -I/root/RT-N56U/source   -Wl,--fatal-warnings -L/root/RT-N56U/source/lib/lib -L/root/RT-N56U/source/uClibc++/src -Wl,--fatal-warnings -L/root/RT-N56U/source/lib/lib -L/root/RT-N56U/source/uClibc++/src conftest.c  >&5
configure:3352: $? = 0
configure:3374: result: 
configure:3396: checking whether we are cross compiling
configure:3404: /opt/buildroot-gcc342/bin/mipsel-linux-uclibc-gcc  -o conftest -O2 -fomit-frame-pointer -pipe  -Dlinux -D__linux__ -Dunix -DEMBED -I/root/RT-N56U/source/lib/include -I/root/RT-N56U/source/uClibc++/include -I/root/RT-N56U/source   -Wl,--fatal-warnings -L/root/RT-N56U/source/lib/lib -L/root/RT-N56U/source/uClibc++/src -Wl,--fatal-warnings -L/root/RT-N56U/source/lib/lib -L/root/RT-N56U/source/uClibc++/src conftest.c  >&5
configure:3408: $? = 0
configure:3415: ./conftest
./configure: line 3417: ./conftest: cannot execute binary file
configure:3419: $? = 126
configure:3434: result: yes
configure:3439: checking for suffix of object files
configure:3461: /opt/buildroot-gcc342/bin/mipsel-linux-uclibc-gcc  -c -O2 -fomit-frame-pointer -pipe  -Dlinux -D__linux__ -Dunix -DEMBED -I/root/RT-N56U/source/lib/include -I/root/RT-N56U/source/uClibc++/include -I/root/RT-N56U/source   conftest.c >&5
configure:3465: $? = 0
configure:3486: result: o
configure:3490: checking whether we are using the GNU C compiler
configure:3509: /opt/buildroot-gcc342/bin/mipsel-linux-uclibc-gcc  -c -O2 -fomit-frame-pointer -pipe  -Dlinux -D__linux__ -Dunix -DEMBED -I/root/RT-N56U/source/lib/include -I/root/RT-N56U/source/uClibc++/include -I/root/RT-N56U/source   conftest.c >&5
configure:3509: $? = 0
configure:3518: result: yes
configure:3527: checking whether /opt/buildroot-gcc342/bin/mipsel-linux-uclibc-gcc  accepts -g
configure:3547: /opt/buildroot-gcc342/bin/mipsel-linux-uclibc-gcc  -c -g  conftest.c >&5
configure:3547: $? = 0
configure:3588: result: yes
configure:3605: checking for /opt/buildroot-gcc342/bin/mipsel-linux-uclibc-gcc  option to accept ISO C89
configure:3669: /opt/buildroot-gcc342/bin/mipsel-linux-uclibc-gcc   -c -O2 -fomit-frame-pointer -pipe  -Dlinux -D__linux__ -Dunix -DEMBED -I/root/RT-N56U/source/lib/include -I/root/RT-N56U/source/uClibc++/include -I/root/RT-N56U/source   conftest.c >&5
configure:3669: $? = 0
configure:3682: result: none needed
configure:3713: checking for style of include used by make
configure:3741: result: GNU
configure:3766: checking dependency style of /opt/buildroot-gcc342/bin/mipsel-linux-uclibc-gcc 
configure:3876: result: gcc3
configure:3892: checking for an ANSI C-conforming const
configure:3957: /opt/buildroot-gcc342/bin/mipsel-linux-uclibc-gcc  -c -O2 -fomit-frame-pointer -pipe  -Dlinux -D__linux__ -Dunix -DEMBED -I/root/RT-N56U/source/lib/include -I/root/RT-N56U/source/uClibc++/include -I/root/RT-N56U/source   conftest.c >&5
configure:3957: $? = 0
configure:3964: result: yes
configure:3972: checking for inline
configure:3988: /opt/buildroot-gcc342/bin/mipsel-linux-uclibc-gcc  -c -O2 -fomit-frame-pointer -pipe  -Dlinux -D__linux__ -Dunix -DEMBED -I/root/RT-N56U/source/lib/include -I/root/RT-N56U/source/uClibc++/include -I/root/RT-N56U/source   conftest.c >&5
configure:3988: $? = 0
configure:3996: result: inline
configure:4043: checking build system type
configure:4057: result: i686-pc-linux-gnu
configure:4077: checking host system type
configure:4090: result: mipsel-unknown-linux-gnu
configure:4110: checking for a sed that does not truncate output
configure:4174: result: /bin/sed
configure:4192: checking for grep that handles long lines and -e
configure:4250: result: /bin/grep
configure:4255: checking for egrep
configure:4317: result: /bin/grep -E
configure:4322: checking for fgrep
configure:4384: result: /bin/grep -F
configure:4419: checking for ld used by /opt/buildroot-gcc342/bin/mipsel-linux-uclibc-gcc 
configure:4486: result: /opt/buildroot-gcc342/bin/mipsel-linux-uclibc-ld
configure:4493: checking if the linker (/opt/buildroot-gcc342/bin/mipsel-linux-uclibc-ld) is GNU ld
configure:4508: result: yes
configure:4520: checking for BSD- or MS-compatible name lister (nm)
configure:4569: result: /opt/buildroot-gdb/bin/mipsel-linux-nm -B
configure:4687: checking the name lister (/opt/buildroot-gdb/bin/mipsel-linux-nm -B) interface
configure:4694: /opt/buildroot-gcc342/bin/mipsel-linux-uclibc-gcc  -c -O2 -fomit-frame-pointer -pipe  -Dlinux -D__linux__ -Dunix -DEMBED -I/root/RT-N56U/source/lib/include -I/root/RT-N56U/source/uClibc++/include -I/root/RT-N56U/source   conftest.c >&5
configure:4697: /opt/buildroot-gdb/bin/mipsel-linux-nm -B "conftest.o"
configure:4700: output
00000000 B some_variable
configure:4707: result: BSD nm
configure:4710: checking whether ln -s works
configure:4714: result: yes
configure:4722: checking the maximum length of command line arguments
configure:4842: result: 1966080
configure:4859: checking whether the shell understands some XSI constructs
configure:4869: result: yes
configure:4873: checking whether the shell understands "+="
configure:4879: result: yes
configure:4914: checking for /opt/buildroot-gcc342/bin/mipsel-linux-uclibc-ld option to reload object files
configure:4921: result: -r
configure:4950: checking for mipsel-linux-objdump
configure:4966: found /opt/buildroot-gdb/bin/mipsel-linux-objdump
configure:4977: result: mipsel-linux-objdump
configure:5049: checking how to recognize dependent libraries
configure:5245: result: pass_all
configure:5265: checking for mipsel-linux-ar
configure:5292: result: /opt/buildroot-gcc342/bin/mipsel-linux-uclibc-ar
configure:5370: checking for mipsel-linux-strip
configure:5397: result: /opt/buildroot-gcc342/bin/mipsel-linux-uclibc-strip
configure:5469: checking for mipsel-linux-ranlib
configure:5496: result: /opt/buildroot-gcc342/bin/mipsel-linux-uclibc-ranlib
configure:5626: checking command to parse /opt/buildroot-gdb/bin/mipsel-linux-nm -B output from /opt/buildroot-gcc342/bin/mipsel-linux-uclibc-gcc  object
configure:5744: /opt/buildroot-gcc342/bin/mipsel-linux-uclibc-gcc  -c -O2 -fomit-frame-pointer -pipe  -Dlinux -D__linux__ -Dunix -DEMBED -I/root/RT-N56U/source/lib/include -I/root/RT-N56U/source/uClibc++/include -I/root/RT-N56U/source   conftest.c >&5
configure:5747: $? = 0
configure:5751: /opt/buildroot-gdb/bin/mipsel-linux-nm -B conftest.o \| sed -n -e 's/^.*[	 ]\([ABCDGIRSTW][ABCDGIRSTW]*\)[	 ][	 ]*\([_A-Za-z][_A-Za-z0-9]*\)$/\1 \2 \2/p' \> conftest.nm
configure:5754: $? = 0
configure:5808: /opt/buildroot-gcc342/bin/mipsel-linux-uclibc-gcc  -o conftest -O2 -fomit-frame-pointer -pipe  -Dlinux -D__linux__ -Dunix -DEMBED -I/root/RT-N56U/source/lib/include -I/root/RT-N56U/source/uClibc++/include -I/root/RT-N56U/source   -Wl,--fatal-warnings -L/root/RT-N56U/source/lib/lib -L/root/RT-N56U/source/uClibc++/src -Wl,--fatal-warnings -L/root/RT-N56U/source/lib/lib -L/root/RT-N56U/source/uClibc++/src conftest.c conftstm.o >&5
configure:5811: $? = 0
configure:5849: result: ok
configure:6657: checking how to run the C preprocessor
configure:6688: /opt/buildroot-gcc342/bin/mipsel-linux-uclibc-gcc  -E  conftest.c
configure:6688: $? = 0
configure:6702: /opt/buildroot-gcc342/bin/mipsel-linux-uclibc-gcc  -E  conftest.c
conftest.c:11:28: ac_nonexistent.h: No such file or directory
configure:6702: $? = 1
configure: failed program was:
| /* confdefs.h */
| #define PACKAGE_NAME "EXIF library"
| #define PACKAGE_TARNAME "libexif"
| #define PACKAGE_VERSION "0.6.20"
| #define PACKAGE_STRING "EXIF library 0.6.20"
| #define PACKAGE_BUGREPORT "libexif-devel@lists.sourceforge.net"
| #define PACKAGE_URL ""
| #define PACKAGE "libexif"
| #define VERSION "0.6.20"
| /* end confdefs.h.  */
| #include <ac_nonexistent.h>
configure:6727: result: /opt/buildroot-gcc342/bin/mipsel-linux-uclibc-gcc  -E
configure:6747: /opt/buildroot-gcc342/bin/mipsel-linux-uclibc-gcc  -E  conftest.c
configure:6747: $? = 0
configure:6761: /opt/buildroot-gcc342/bin/mipsel-linux-uclibc-gcc  -E  conftest.c
conftest.c:11:28: ac_nonexistent.h: No such file or directory
configure:6761: $? = 1
configure: failed program was:
| /* confdefs.h */
| #define PACKAGE_NAME "EXIF library"
| #define PACKAGE_TARNAME "libexif"
| #define PACKAGE_VERSION "0.6.20"
| #define PACKAGE_STRING "EXIF library 0.6.20"
| #define PACKAGE_BUGREPORT "libexif-devel@lists.sourceforge.net"
| #define PACKAGE_URL ""
| #define PACKAGE "libexif"
| #define VERSION "0.6.20"
| /* end confdefs.h.  */
| #include <ac_nonexistent.h>
configure:6790: checking for ANSI C header files
configure:6810: /opt/buildroot-gcc342/bin/mipsel-linux-uclibc-gcc  -c -O2 -fomit-frame-pointer -pipe  -Dlinux -D__linux__ -Dunix -DEMBED -I/root/RT-N56U/source/lib/include -I/root/RT-N56U/source/uClibc++/include -I/root/RT-N56U/source   conftest.c >&5
configure:6810: $? = 0
configure:6894: result: yes
configure:6907: checking for sys/types.h
configure:6907: /opt/buildroot-gcc342/bin/mipsel-linux-uclibc-gcc  -c -O2 -fomit-frame-pointer -pipe  -Dlinux -D__linux__ -Dunix -DEMBED -I/root/RT-N56U/source/lib/include -I/root/RT-N56U/source/uClibc++/include -I/root/RT-N56U/source   conftest.c >&5
configure:6907: $? = 0
configure:6907: result: yes
configure:6907: checking for sys/stat.h
configure:6907: /opt/buildroot-gcc342/bin/mipsel-linux-uclibc-gcc  -c -O2 -fomit-frame-pointer -pipe  -Dlinux -D__linux__ -Dunix -DEMBED -I/root/RT-N56U/source/lib/include -I/root/RT-N56U/source/uClibc++/include -I/root/RT-N56U/source   conftest.c >&5
configure:6907: $? = 0
configure:6907: result: yes
configure:6907: checking for stdlib.h
configure:6907: /opt/buildroot-gcc342/bin/mipsel-linux-uclibc-gcc  -c -O2 -fomit-frame-pointer -pipe  -Dlinux -D__linux__ -Dunix -DEMBED -I/root/RT-N56U/source/lib/include -I/root/RT-N56U/source/uClibc++/include -I/root/RT-N56U/source   conftest.c >&5
configure:6907: $? = 0
configure:6907: result: yes
configure:6907: checking for string.h
configure:6907: /opt/buildroot-gcc342/bin/mipsel-linux-uclibc-gcc  -c -O2 -fomit-frame-pointer -pipe  -Dlinux -D__linux__ -Dunix -DEMBED -I/root/RT-N56U/source/lib/include -I/root/RT-N56U/source/uClibc++/include -I/root/RT-N56U/source   conftest.c >&5
configure:6907: $? = 0
configure:6907: result: yes
configure:6907: checking for memory.h
configure:6907: /opt/buildroot-gcc342/bin/mipsel-linux-uclibc-gcc  -c -O2 -fomit-frame-pointer -pipe  -Dlinux -D__linux__ -Dunix -DEMBED -I/root/RT-N56U/source/lib/include -I/root/RT-N56U/source/uClibc++/include -I/root/RT-N56U/source   conftest.c >&5
configure:6907: $? = 0
configure:6907: result: yes
configure:6907: checking for strings.h
configure:6907: /opt/buildroot-gcc342/bin/mipsel-linux-uclibc-gcc  -c -O2 -fomit-frame-pointer -pipe  -Dlinux -D__linux__ -Dunix -DEMBED -I/root/RT-N56U/source/lib/include -I/root/RT-N56U/source/uClibc++/include -I/root/RT-N56U/source   conftest.c >&5
configure:6907: $? = 0
configure:6907: result: yes
configure:6907: checking for inttypes.h
configure:6907: /opt/buildroot-gcc342/bin/mipsel-linux-uclibc-gcc  -c -O2 -fomit-frame-pointer -pipe  -Dlinux -D__linux__ -Dunix -DEMBED -I/root/RT-N56U/source/lib/include -I/root/RT-N56U/source/uClibc++/include -I/root/RT-N56U/source   conftest.c >&5
configure:6907: $? = 0
configure:6907: result: yes
configure:6907: checking for stdint.h
configure:6907: /opt/buildroot-gcc342/bin/mipsel-linux-uclibc-gcc  -c -O2 -fomit-frame-pointer -pipe  -Dlinux -D__linux__ -Dunix -DEMBED -I/root/RT-N56U/source/lib/include -I/root/RT-N56U/source/uClibc++/include -I/root/RT-N56U/source   conftest.c >&5
configure:6907: $? = 0
configure:6907: result: yes
configure:6907: checking for unistd.h
configure:6907: /opt/buildroot-gcc342/bin/mipsel-linux-uclibc-gcc  -c -O2 -fomit-frame-pointer -pipe  -Dlinux -D__linux__ -Dunix -DEMBED -I/root/RT-N56U/source/lib/include -I/root/RT-N56U/source/uClibc++/include -I/root/RT-N56U/source   conftest.c >&5
configure:6907: $? = 0
configure:6907: result: yes
configure:6922: checking for dlfcn.h
configure:6922: /opt/buildroot-gcc342/bin/mipsel-linux-uclibc-gcc  -c -O2 -fomit-frame-pointer -pipe  -Dlinux -D__linux__ -Dunix -DEMBED -I/root/RT-N56U/source/lib/include -I/root/RT-N56U/source/uClibc++/include -I/root/RT-N56U/source   conftest.c >&5
configure:6922: $? = 0
configure:6922: result: yes
configure:7106: checking for objdir
configure:7121: result: .libs
configure:7417: checking if /opt/buildroot-gcc342/bin/mipsel-linux-uclibc-gcc  supports -fno-rtti -fno-exceptions
configure:7435: /opt/buildroot-gcc342/bin/mipsel-linux-uclibc-gcc  -c -O2 -fomit-frame-pointer -pipe  -Dlinux -D__linux__ -Dunix -DEMBED -I/root/RT-N56U/source/lib/include -I/root/RT-N56U/source/uClibc++/include -I/root/RT-N56U/source   -fno-rtti -fno-exceptions conftest.c >&5
cc1: warning: command line option "-fno-rtti" is valid for C++/ObjC++ but not for C
configure:7439: $? = 0
configure:7452: result: no
configure:7472: checking for /opt/buildroot-gcc342/bin/mipsel-linux-uclibc-gcc  option to produce PIC
configure:7744: result: -fPIC -DPIC
configure:7756: checking if /opt/buildroot-gcc342/bin/mipsel-linux-uclibc-gcc  PIC flag -fPIC -DPIC works
configure:7774: /opt/buildroot-gcc342/bin/mipsel-linux-uclibc-gcc  -c -O2 -fomit-frame-pointer -pipe  -Dlinux -D__linux__ -Dunix -DEMBED -I/root/RT-N56U/source/lib/include -I/root/RT-N56U/source/uClibc++/include -I/root/RT-N56U/source   -fPIC -DPIC -DPIC conftest.c >&5
configure:7778: $? = 0
configure:7791: result: yes
configure:7815: checking if /opt/buildroot-gcc342/bin/mipsel-linux-uclibc-gcc  static flag -static works
configure:7843: result: yes
configure:7858: checking if /opt/buildroot-gcc342/bin/mipsel-linux-uclibc-gcc  supports -c -o file.o
configure:7879: /opt/buildroot-gcc342/bin/mipsel-linux-uclibc-gcc  -c -O2 -fomit-frame-pointer -pipe  -Dlinux -D__linux__ -Dunix -DEMBED -I/root/RT-N56U/source/lib/include -I/root/RT-N56U/source/uClibc++/include -I/root/RT-N56U/source   -o out/conftest2.o conftest.c >&5
configure:7883: $? = 0
configure:7905: result: yes
configure:7913: checking if /opt/buildroot-gcc342/bin/mipsel-linux-uclibc-gcc  supports -c -o file.o
configure:7960: result: yes
configure:7993: checking whether the /opt/buildroot-gcc342/bin/mipsel-linux-uclibc-gcc  linker (/opt/buildroot-gcc342/bin/mipsel-linux-uclibc-ld) supports shared libraries
configure:8984: result: yes
configure:9021: checking whether -lc should be explicitly linked in
configure:9026: /opt/buildroot-gcc342/bin/mipsel-linux-uclibc-gcc  -c -O2 -fomit-frame-pointer -pipe  -Dlinux -D__linux__ -Dunix -DEMBED -I/root/RT-N56U/source/lib/include -I/root/RT-N56U/source/uClibc++/include -I/root/RT-N56U/source   conftest.c >&5
configure:9029: $? = 0
configure:9044: /opt/buildroot-gcc342/bin/mipsel-linux-uclibc-gcc  -shared conftest.o  -v -Wl,-soname -Wl,conftest -o conftest 2\>\&1 \| /bin/grep  -lc  \>/dev/null 2\>\&1
configure:9047: $? = 0
configure:9059: result: no
configure:9223: checking dynamic linker characteristics
configure:9656: /opt/buildroot-gcc342/bin/mipsel-linux-uclibc-gcc  -o conftest -O2 -fomit-frame-pointer -pipe  -Dlinux -D__linux__ -Dunix -DEMBED -I/root/RT-N56U/source/lib/include -I/root/RT-N56U/source/uClibc++/include -I/root/RT-N56U/source   -Wl,--fatal-warnings -L/root/RT-N56U/source/lib/lib -L/root/RT-N56U/source/uClibc++/src -Wl,--fatal-warnings -L/root/RT-N56U/source/lib/lib -L/root/RT-N56U/source/uClibc++/src -Wl,-rpath -Wl,/foo conftest.c  >&5
configure:9656: $? = 0
configure:9886: result: GNU/Linux ld.so
configure:9988: checking how to hardcode library paths into programs
configure:10013: result: immediate
configure:10533: checking whether stripping libraries is possible
configure:10538: result: yes
configure:10573: checking if libtool supports shared libraries
configure:10575: result: yes
configure:10578: checking whether to build shared libraries
configure:10599: result: yes
configure:10602: checking whether to build static libraries
configure:10606: result: yes
configure:10661: checking for uint8_t in stdint.h
configure:10674: result: yes
configure:10843: checking for math functions in libm
configure:10856: /opt/buildroot-gcc342/bin/mipsel-linux-uclibc-gcc  -o conftest -O2 -fomit-frame-pointer -pipe  -Dlinux -D__linux__ -Dunix -DEMBED -I/root/RT-N56U/source/lib/include -I/root/RT-N56U/source/uClibc++/include -I/root/RT-N56U/source   -Wl,--fatal-warnings -L/root/RT-N56U/source/lib/lib -L/root/RT-N56U/source/uClibc++/src -Wl,--fatal-warnings -L/root/RT-N56U/source/lib/lib -L/root/RT-N56U/source/uClibc++/src conftest.c  -lm >&5
configure:10856: $? = 0
configure:10857: result: yes
configure:10897: checking whether to build any docs
configure:10910: result: no
configure:10931: checking main docdir
configure:10943: result: ${prefix}/share/doc (FHS style)
configure:10955: checking package docdir
configure:10966: result: ${prefix}/share/doc/libexif (default style)
configure:10975: checking for dot
configure:11006: result: false
configure:11016: checking for doxygen
configure:11034: found /usr/bin/doxygen
configure:11047: result: /usr/bin/doxygen
configure:11107: checking whether to create internal code docs
configure:11109: result: no
configure:11139: checking whether NLS is requested
configure:11148: result: no
configure:11186: checking for msgfmt
configure:11217: result: /usr/bin/msgfmt
configure:11226: checking for gmsgfmt
configure:11257: result: /usr/bin/msgfmt
configure:11297: checking for xgettext
configure:11328: result: /usr/bin/xgettext
configure:11368: checking for msgmerge
configure:11398: result: /usr/bin/msgmerge
configure:11454: checking for po/Makevars requiring hack
configure:11461: result: no
configure:11506: checking for ld used by GCC
configure:11570: result: /opt/buildroot-gcc342/bin/mipsel-linux-uclibc-ld
configure:11577: checking if the linker (/opt/buildroot-gcc342/bin/mipsel-linux-uclibc-ld) is GNU ld
configure:11590: result: yes
configure:11596: checking for shared library run path origin
configure:11609: result: done
configure:12025: checking whether NLS is requested
configure:12034: result: no
configure:12659: checking whether to use NLS
configure:12661: result: no
configure:12762: checking for iconv
configure:12784: /opt/buildroot-gcc342/bin/mipsel-linux-uclibc-gcc  -o conftest -O2 -fomit-frame-pointer -pipe  -Dlinux -D__linux__ -Dunix -DEMBED -I/root/RT-N56U/source/lib/include -I/root/RT-N56U/source/uClibc++/include -I/root/RT-N56U/source   -Wl,--fatal-warnings -L/root/RT-N56U/source/lib/lib -L/root/RT-N56U/source/uClibc++/src -Wl,--fatal-warnings -L/root/RT-N56U/source/lib/lib -L/root/RT-N56U/source/uClibc++/src conftest.c  -lm >&5
configure:12784: $? = 0
configure:12816: result: yes
configure:12837: checking for iconv declaration
configure:12866: /opt/buildroot-gcc342/bin/mipsel-linux-uclibc-gcc  -c -O2 -fomit-frame-pointer -pipe  -Dlinux -D__linux__ -Dunix -DEMBED -I/root/RT-N56U/source/lib/include -I/root/RT-N56U/source/uClibc++/include -I/root/RT-N56U/source   conftest.c >&5
configure:12866: $? = 0
configure:12877: result: install-shextern size_t iconv (iconv_t cd, char * *inbuf, size_t *inbytesleft, char * *outbuf, size_t *outbytesleft);
configure:12923: checking for localtime_r
configure:12923: /opt/buildroot-gcc342/bin/mipsel-linux-uclibc-gcc  -o conftest -O2 -fomit-frame-pointer -pipe  -Dlinux -D__linux__ -Dunix -DEMBED -I/root/RT-N56U/source/lib/include -I/root/RT-N56U/source/uClibc++/include -I/root/RT-N56U/source   -Wl,--fatal-warnings -L/root/RT-N56U/source/lib/lib -L/root/RT-N56U/source/uClibc++/src -Wl,--fatal-warnings -L/root/RT-N56U/source/lib/lib -L/root/RT-N56U/source/uClibc++/src conftest.c  -lm >&5
configure:12923: $? = 0
configure:12923: result: yes
configure:13093: creating ./config.status

## ---------------------- ##
## Running config.status. ##
## ---------------------- ##

This file was extended by EXIF library config.status 0.6.20, which was
generated by GNU Autoconf 2.65.  Invocation command line was

  CONFIG_FILES    = 
  CONFIG_HEADERS  = 
  CONFIG_LINKS    = 
  CONFIG_COMMANDS = 
  $ ./config.status 

on F13

config.status:1132: creating po/Makefile.in
config.status:1240: WARNING:  'po/Makefile.in.in' seems to ignore the --datarootdir setting
config.status:1132: creating Makefile
config.status:1132: creating libexif.spec
config.status:1132: creating libexif/Makefile
config.status:1132: creating test/Makefile
config.status:1132: creating test/nls/Makefile
config.status:1132: creating m4m/Makefile
config.status:1132: creating doc/Makefile
config.status:1132: creating doc/Doxyfile
config.status:1132: creating doc/Doxyfile-internals
config.status:1132: creating libexif.pc
config.status:1132: creating libexif-uninstalled.pc
config.status:1132: creating binary/Makefile
config.status:1132: creating contrib/Makefile
config.status:1132: creating contrib/examples/Makefile
config.status:1132: creating config.h
config.status:1304: config.h is unchanged
config.status:1352: executing depfiles commands
config.status:1352: executing libtool commands
config.status:1352: executing default-1 commands

## ---------------- ##
## Cache variables. ##
## ---------------- ##

ac_cv_build=i686-pc-linux-gnu
ac_cv_c_compiler_gnu=yes
ac_cv_c_const=yes
ac_cv_c_inline=inline
ac_cv_env_CC_set=set
ac_cv_env_CC_value='/opt/buildroot-gcc342/bin/mipsel-linux-uclibc-gcc '
ac_cv_env_CFLAGS_set=set
ac_cv_env_CFLAGS_value='-O2 -fomit-frame-pointer -pipe  -Dlinux -D__linux__ -Dunix -DEMBED -I/root/RT-N56U/source/lib/include -I/root/RT-N56U/source/uClibc++/include -I/root/RT-N56U/source '
ac_cv_env_CPPFLAGS_set=
ac_cv_env_CPPFLAGS_value=
ac_cv_env_CPP_set=
ac_cv_env_CPP_value=
ac_cv_env_LDFLAGS_set=set
ac_cv_env_LDFLAGS_value='-Wl,--fatal-warnings -L/root/RT-N56U/source/lib/lib -L/root/RT-N56U/source/uClibc++/src -Wl,--fatal-warnings -L/root/RT-N56U/source/lib/lib -L/root/RT-N56U/source/uClibc++/src'
ac_cv_env_LIBS_set=
ac_cv_env_LIBS_value=
ac_cv_env_build_alias_set=
ac_cv_env_build_alias_value=
ac_cv_env_host_alias_set=set
ac_cv_env_host_alias_value=mipsel-linux
ac_cv_env_target_alias_set=
ac_cv_env_target_alias_value=
ac_cv_func_localtime_r=yes
ac_cv_header_dlfcn_h=yes
ac_cv_header_inttypes_h=yes
ac_cv_header_memory_h=yes
ac_cv_header_stdc=yes
ac_cv_header_stdint_h=yes
ac_cv_header_stdlib_h=yes
ac_cv_header_string_h=yes
ac_cv_header_strings_h=yes
ac_cv_header_sys_stat_h=yes
ac_cv_header_sys_types_h=yes
ac_cv_header_unistd_h=yes
ac_cv_host=mipsel-unknown-linux-gnu
ac_cv_objext=o
ac_cv_path_DOT=false
ac_cv_path_DOXYGEN=/usr/bin/doxygen
ac_cv_path_EGREP='/bin/grep -E'
ac_cv_path_FGREP='/bin/grep -F'
ac_cv_path_GMSGFMT=/usr/bin/msgfmt
ac_cv_path_GREP=/bin/grep
ac_cv_path_MSGFMT=/usr/bin/msgfmt
ac_cv_path_MSGMERGE=/usr/bin/msgmerge
ac_cv_path_SED=/bin/sed
ac_cv_path_XGETTEXT=/usr/bin/xgettext
ac_cv_path_install='/usr/bin/install -c'
ac_cv_path_mkdir=/bin/mkdir
ac_cv_prog_AR=/opt/buildroot-gcc342/bin/mipsel-linux-uclibc-ar
ac_cv_prog_AWK=gawk
ac_cv_prog_CC='/opt/buildroot-gcc342/bin/mipsel-linux-uclibc-gcc '
ac_cv_prog_CPP='/opt/buildroot-gcc342/bin/mipsel-linux-uclibc-gcc  -E'
ac_cv_prog_OBJDUMP=mipsel-linux-objdump
ac_cv_prog_RANLIB=/opt/buildroot-gcc342/bin/mipsel-linux-uclibc-ranlib
ac_cv_prog_STRIP=/opt/buildroot-gcc342/bin/mipsel-linux-uclibc-strip
ac_cv_prog_cc_c89=
ac_cv_prog_cc_g=yes
ac_cv_prog_make_make_set=yes
ac_cv_type_uint8_t=yes
acl_cv_hardcode_direct=no
acl_cv_hardcode_libdir_flag_spec='${wl}-rpath ${wl}$libdir'
acl_cv_hardcode_libdir_separator=
acl_cv_hardcode_minus_L=no
acl_cv_libext=a
acl_cv_path_LD=/opt/buildroot-gcc342/bin/mipsel-linux-uclibc-ld
acl_cv_prog_gnu_ld=yes
acl_cv_rpath=done
acl_cv_shlibext=so
acl_cv_wl=-Wl,
am_cv_CC_dependencies_compiler_type=gcc3
am_cv_func_iconv=yes
am_cv_lib_iconv=no
am_cv_proto_iconv='extern size_t iconv (iconv_t cd, char * *inbuf, size_t *inbytesleft, char * *outbuf, size_t *outbytesleft);'
am_cv_proto_iconv_arg1=
lt_cv_deplibs_check_method=pass_all
lt_cv_file_magic_cmd='$MAGIC_CMD'
lt_cv_file_magic_test_file=
lt_cv_ld_reload_flag=-r
lt_cv_nm_interface='BSD nm'
lt_cv_objdir=.libs
lt_cv_path_LD=/opt/buildroot-gcc342/bin/mipsel-linux-uclibc-ld
lt_cv_path_NM='/opt/buildroot-gdb/bin/mipsel-linux-nm -B'
lt_cv_prog_compiler_c_o=yes
lt_cv_prog_compiler_pic_works=yes
lt_cv_prog_compiler_rtti_exceptions=no
lt_cv_prog_compiler_static_works=yes
lt_cv_prog_gnu_ld=yes
lt_cv_sys_global_symbol_pipe='sed -n -e '\''s/^.*[	 ]\([ABCDGIRSTW][ABCDGIRSTW]*\)[	 ][	 ]*\([_A-Za-z][_A-Za-z0-9]*\)$/\1 \2 \2/p'\'''
lt_cv_sys_global_symbol_to_c_name_address='sed -n -e '\''s/^: \([^ ]*\) $/  {\"\1\", (void *) 0},/p'\'' -e '\''s/^[ABCDGIRSTW]* \([^ ]*\) \([^ ]*\)$/  {"\2", (void *) \&\2},/p'\'''
lt_cv_sys_global_symbol_to_c_name_address_lib_prefix='sed -n -e '\''s/^: \([^ ]*\) $/  {\"\1\", (void *) 0},/p'\'' -e '\''s/^[ABCDGIRSTW]* \([^ ]*\) \(lib[^ ]*\)$/  {"\2", (void *) \&\2},/p'\'' -e '\''s/^[ABCDGIRSTW]* \([^ ]*\) \([^ ]*\)$/  {"lib\2", (void *) \&\2},/p'\'''
lt_cv_sys_global_symbol_to_cdecl='sed -n -e '\''s/^T .* \(.*\)$/extern int \1();/p'\'' -e '\''s/^[ABCDGIRSTW]* .* \(.*\)$/extern char \1;/p'\'''
lt_cv_sys_max_cmd_len=1966080

## ----------------- ##
## Output variables. ##
## ----------------- ##

ACLOCAL='${SHELL} /root/RT-N56U/source/user/libexif-0.6.20/source/missing --run aclocal-1.11'
AMDEPBACKSLASH='\'
AMDEP_FALSE='#'
AMDEP_TRUE=''
AMTAR='${SHELL} /root/RT-N56U/source/user/libexif-0.6.20/source/missing --run tar'
AM_BACKSLASH='\'
AM_CPPFLAGS=' -DGETTEXT_PACKAGE=\"libexif-12\" -DLOCALEDIR=\"$(datadir)/locale\" -I$(top_srcdir) -I$(top_builddir) -g -Wall -Wmissing-declarations -Wmissing-prototypes'
AM_DEFAULT_VERBOSITY='1'
AM_LDFLAGS='-Wl,--fatal-warnings -L/root/RT-N56U/source/lib/lib -L/root/RT-N56U/source/uClibc++/src -Wl,--fatal-warnings -L/root/RT-N56U/source/lib/lib -L/root/RT-N56U/source/uClibc++/src -g -Wall'
AR='/opt/buildroot-gcc342/bin/mipsel-linux-uclibc-ar'
AUTOCONF='${SHELL} /root/RT-N56U/source/user/libexif-0.6.20/source/missing --run autoconf'
AUTOHEADER='${SHELL} /root/RT-N56U/source/user/libexif-0.6.20/source/missing --run autoheader'
AUTOMAKE='${SHELL} /root/RT-N56U/source/user/libexif-0.6.20/source/missing --run automake-1.11'
AWK='gawk'
BUILD_DOCS_FALSE=''
BUILD_DOCS_TRUE='#'
CC='/opt/buildroot-gcc342/bin/mipsel-linux-uclibc-gcc '
CCDEPMODE='depmode=gcc3'
CFLAGS='-O2 -fomit-frame-pointer -pipe  -Dlinux -D__linux__ -Dunix -DEMBED -I/root/RT-N56U/source/lib/include -I/root/RT-N56U/source/uClibc++/include -I/root/RT-N56U/source '
CPP='/opt/buildroot-gcc342/bin/mipsel-linux-uclibc-gcc  -E'
CPPFLAGS=''
CYGPATH_W='echo'
DEFS='-DHAVE_CONFIG_H'
DEPDIR='.deps'
DOT='false'
DOXYGEN='/usr/bin/doxygen'
DOXYGEN_OUTPUT_DIR='doxygen-output'
DSYMUTIL=''
DUMPBIN=''
ECHO_C=''
ECHO_N='-n'
ECHO_T=''
EGREP='/bin/grep -E'
ENABLE_INTERNAL_DOCS_FALSE=''
ENABLE_INTERNAL_DOCS_TRUE='#'
EXEEXT=''
FGREP='/bin/grep -F'
GETTEXT_PACKAGE='libexif-12'
GMSGFMT='/usr/bin/msgfmt'
GREP='/bin/grep'
HAVE_DOT='NO'
HAVE_DOT_FALSE=''
HAVE_DOT_TRUE='#'
HAVE_DOXYGEN_FALSE='#'
HAVE_DOXYGEN_TRUE=''
HTML_APIDOC_DIR='libexif-api.html'
HTML_APIDOC_INTERNALS_DIR='libexif-internals.html'
INSTALL_DATA='${INSTALL} -m 644'
INSTALL_PROGRAM='${INSTALL}'
INSTALL_SCRIPT='${INSTALL}'
INSTALL_STRIP_PROGRAM='$(install_sh) -c -s'
INTLLIBS=''
LD='/opt/buildroot-gcc342/bin/mipsel-linux-uclibc-ld'
LDFLAGS='-Wl,--fatal-warnings -L/root/RT-N56U/source/lib/lib -L/root/RT-N56U/source/uClibc++/src -Wl,--fatal-warnings -L/root/RT-N56U/source/lib/lib -L/root/RT-N56U/source/uClibc++/src'
LIBEXIF_AGE='3'
LIBEXIF_CURRENT='15'
LIBEXIF_CURRENT_MIN='12'
LIBEXIF_REVISION='2'
LIBEXIF_VERSION_INFO='15:2:3'
LIBICONV=''
LIBINTL=''
LIBOBJS=''
LIBS=' -lm'
LIBTOOL='$(SHELL) $(top_builddir)/libtool'
LIPO=''
LN_S='ln -s'
LTLIBICONV=''
LTLIBINTL=''
LTLIBOBJS=''
MAINT='#'
MAINTAINER_MODE_FALSE=''
MAINTAINER_MODE_TRUE='#'
MAKEINFO='${SHELL} /root/RT-N56U/source/user/libexif-0.6.20/source/missing --run makeinfo'
MKDIR_P='/bin/mkdir -p'
MKINSTALLDIRS='$(top_builddir)/./mkinstalldirs'
MSGFMT='/usr/bin/msgfmt'
MSGMERGE='/usr/bin/msgmerge'
NM='/opt/buildroot-gdb/bin/mipsel-linux-nm -B'
NMEDIT=''
OBJDUMP='mipsel-linux-objdump'
OBJEXT='o'
OTOOL64=''
OTOOL=''
PACKAGE='libexif'
PACKAGE_BUGREPORT='libexif-devel@lists.sourceforge.net'
PACKAGE_NAME='EXIF library'
PACKAGE_STRING='EXIF library 0.6.20'
PACKAGE_TARNAME='libexif'
PACKAGE_URL=''
PACKAGE_VERSION='0.6.20'
PATH_SEPARATOR=':'
POSUB=''
RANLIB='/opt/buildroot-gcc342/bin/mipsel-linux-uclibc-ranlib'
SED='/bin/sed'
SET_MAKE=''
SHELL='/bin/sh'
SHIP_BINARIES_FALSE=''
SHIP_BINARIES_TRUE='#'
STRIP='/opt/buildroot-gcc342/bin/mipsel-linux-uclibc-strip'
USE_NLS='no'
VERSION='0.6.20'
XGETTEXT='/usr/bin/xgettext'
ac_ct_CC=''
ac_ct_DUMPBIN=''
am__EXEEXT_FALSE=''
am__EXEEXT_TRUE='#'
am__fastdepCC_FALSE='#'
am__fastdepCC_TRUE=''
am__include='include'
am__isrc=''
am__leading_dot='.'
am__quote=''
am__tar='${AMTAR} chof - "$$tardir"'
am__untar='${AMTAR} xf -'
bindir='${exec_prefix}/bin'
build='i686-pc-linux-gnu'
build_alias=''
build_cpu='i686'
build_os='linux-gnu'
build_vendor='pc'
datadir='${datarootdir}'
datarootdir='${prefix}/share'
docdir='${prefix}/share/doc/libexif'
dvidir='${docdir}'
exec_prefix='${prefix}'
host='mipsel-unknown-linux-gnu'
host_alias='mipsel-linux'
host_cpu='mipsel'
host_os='linux-gnu'
host_vendor='unknown'
htmldir='${docdir}'
includedir='${prefix}/include'
infodir='${datarootdir}/info'
install_sh='${SHELL} /root/RT-N56U/source/user/libexif-0.6.20/source/install-sh'
libdir='${exec_prefix}/lib'
libexecdir='${exec_prefix}/libexec'
localedir='$(datadir)/locale'
localstatedir='${prefix}/var'
lt_ECHO='echo'
mandir='${datarootdir}/man'
mkdir_p='/bin/mkdir -p'
oldincludedir='/usr/include'
pdfdir='${docdir}'
prefix='/root/RT-N56U/source/user/libexif-0.6.20/source/../install'
program_transform_name='s,x,x,'
psdir='${docdir}'
sbindir='${exec_prefix}/sbin'
sharedstatedir='${prefix}/com'
sysconfdir='${prefix}/etc'
target_alias=''

## ----------- ##
## confdefs.h. ##
## ----------- ##

/* confdefs.h */
#define PACKAGE_NAME "EXIF library"
#define PACKAGE_TARNAME "libexif"
#define PACKAGE_VERSION "0.6.20"
#define PACKAGE_STRING "EXIF library 0.6.20"
#define PACKAGE_BUGREPORT "libexif-devel@lists.sourceforge.net"
#define PACKAGE_URL ""
#define PACKAGE "libexif"
#define VERSION "0.6.20"
#define STDC_HEADERS 1
#define HAVE_SYS_TYPES_H 1
#define HAVE_SYS_STAT_H 1
#define HAVE_STDLIB_H 1
#define HAVE_STRING_H 1
#define HAVE_MEMORY_H 1
#define HAVE_STRINGS_H 1
#define HAVE_INTTYPES_H 1
#define HAVE_STDINT_H 1
#define HAVE_UNISTD_H 1
#define HAVE_DLFCN_H 1
#define LT_OBJDIR ".libs/"
#define HAVE_ICONV 1
#define ICONV_CONST 
#define HAVE_LOCALTIME_R 1

configure: exit 0
