This file contains any messages produced by compilers while
running configure, to aid debugging if configure makes a mistake.

It was created by libjpeg configure 8.0.2, which was
generated by GNU Autoconf 2.65.  Invocation command line was

  $ ./configure --host=mipsel-linux --enable-static --prefix=/root/RT-N56U/source/user/jpeg-8b/source/../install

## --------- ##
## Platform. ##
## --------- ##

hostname = F13
uname -m = i686
uname -r = 2.6.33.3-85.fc13.i686.PAE
uname -s = Linux
uname -v = #1 SMP Thu May 6 18:27:11 UTC 2010

/usr/bin/uname -p = unknown
/bin/uname -X     = unknown

/bin/arch              = i686
/usr/bin/arch -k       = unknown
/usr/convex/getsysinfo = unknown
/usr/bin/hostinfo      = unknown
/bin/machine           = unknown
/usr/bin/oslevel       = unknown
/bin/universe          = unknown

PATH: /usr/lib/qt-3.3/bin
PATH: /usr/kerberos/sbin
PATH: /usr/kerberos/bin
PATH: /usr/lib/ccache
PATH: /opt/buildroot-gdb/bin
PATH: /usr/local/sbin
PATH: /usr/sbin
PATH: /sbin
PATH: /usr/local/bin
PATH: /usr/bin
PATH: /bin
PATH: /root/bin
PATH: /root/RT-N56U/source/tools


## ----------- ##
## Core tests. ##
## ----------- ##

configure:2361: checking build system type
configure:2375: result: i686-pc-linux-gnu
configure:2395: checking host system type
configure:2408: result: mipsel-unknown-linux-gnu
configure:2428: checking target system type
configure:2441: result: mipsel-unknown-linux-gnu
configure:2486: checking for a BSD-compatible install
configure:2554: result: /usr/bin/install -c
configure:2565: checking whether build environment is sane
configure:2615: result: yes
configure:2664: checking for mipsel-linux-strip
configure:2691: result: /opt/buildroot-gcc342/bin/mipsel-linux-uclibc-strip
configure:2756: checking for a thread-safe mkdir -p
configure:2795: result: /bin/mkdir -p
configure:2808: checking for gawk
configure:2824: found /usr/bin/gawk
configure:2835: result: gawk
configure:2846: checking whether make sets $(MAKE)
configure:2868: result: yes
configure:2978: checking for style of include used by make
configure:3006: result: GNU
configure:3036: checking for mipsel-linux-gcc
configure:3063: result: /opt/buildroot-gcc342/bin/mipsel-linux-uclibc-gcc 
configure:3332: checking for C compiler version
configure:3341: /opt/buildroot-gcc342/bin/mipsel-linux-uclibc-gcc  --version >&5
mipsel-linux-uclibc-gcc (GCC) 3.4.2
Copyright (C) 2004 Free Software Foundation, Inc.
This is free software; see the source for copying conditions.  There is NO
warranty; not even for MERCHANTABILITY or FITNESS FOR A PARTICULAR PURPOSE.

configure:3352: $? = 0
configure:3341: /opt/buildroot-gcc342/bin/mipsel-linux-uclibc-gcc  -v >&5
Reading specs from /opt/buildroot-gcc342/bin/../lib/gcc/mipsel-linux-uclibc/3.4.2/specs
Configured with: /home/winfred/RT288x_SDK/toolchain/buildroot/toolchain_build_mipsel/gcc-3.4.2/configure --prefix=/home/winfred/RT288x_SDK/toolchain/buildroot-gdb --build=i386-pc-linux-gnu --host=i386-pc-linux-gnu --target=mipsel-linux-uclibc --enable-languages=c,c++ --disable-__cxa_atexit --enable-target-optspace --with-gnu-ld --disable-shared --disable-nls --enable-threads --enable-multilib --enable-sjlj-exceptions : (reconfigured) /home/winfred/RT288x_SDK/toolchain/buildroot/toolchain_build_mipsel/gcc-3.4.2/configure --prefix=/home/winfred/RT288x_SDK/toolchain/buildroot-gdb --build=i386-pc-linux-gnu --host=i386-pc-linux-gnu --target=mipsel-linux-uclibc --enable-languages=c,c++ --disable-__cxa_atexit --enable-target-optspace --with-gnu-ld --disable-shared --disable-nls --enable-threads --enable-multilib --enable-sjlj-exceptions
Thread model: posix
gcc version 3.4.2
configure:3352: $? = 0
configure:3341: /opt/buildroot-gcc342/bin/mipsel-linux-uclibc-gcc  -V >&5
mipsel-linux-uclibc-gcc: `-V' option must have argument
configure:3352: $? = 1
configure:3341: /opt/buildroot-gcc342/bin/mipsel-linux-uclibc-gcc  -qversion >&5
mipsel-linux-uclibc-gcc: unrecognized option `-qversion'
mipsel-linux-uclibc-gcc: no input files
configure:3352: $? = 1
configure:3372: checking whether the C compiler works
configure:3394: /opt/buildroot-gcc342/bin/mipsel-linux-uclibc-gcc  -O2 -fomit-frame-pointer -pipe  -Dlinux -D__linux__ -Dunix -DEMBED -I/root/RT-N56U/source/lib/include -I/root/RT-N56U/source/uClibc++/include -I/root/RT-N56U/source   -Wl,--fatal-warnings -L/root/RT-N56U/source/lib/lib -L/root/RT-N56U/source/uClibc++/src -Wl,--fatal-warnings -L/root/RT-N56U/source/lib/lib -L/root/RT-N56U/source/uClibc++/src conftest.c  >&5
configure:3398: $? = 0
configure:3447: result: yes
configure:3450: checking for C compiler default output file name
configure:3452: result: a.out
configure:3458: checking for suffix of executables
configure:3465: /opt/buildroot-gcc342/bin/mipsel-linux-uclibc-gcc  -o conftest -O2 -fomit-frame-pointer -pipe  -Dlinux -D__linux__ -Dunix -DEMBED -I/root/RT-N56U/source/lib/include -I/root/RT-N56U/source/uClibc++/include -I/root/RT-N56U/source   -Wl,--fatal-warnings -L/root/RT-N56U/source/lib/lib -L/root/RT-N56U/source/uClibc++/src -Wl,--fatal-warnings -L/root/RT-N56U/source/lib/lib -L/root/RT-N56U/source/uClibc++/src conftest.c  >&5
configure:3469: $? = 0
configure:3491: result: 
configure:3513: checking whether we are cross compiling
configure:3521: /opt/buildroot-gcc342/bin/mipsel-linux-uclibc-gcc  -o conftest -O2 -fomit-frame-pointer -pipe  -Dlinux -D__linux__ -Dunix -DEMBED -I/root/RT-N56U/source/lib/include -I/root/RT-N56U/source/uClibc++/include -I/root/RT-N56U/source   -Wl,--fatal-warnings -L/root/RT-N56U/source/lib/lib -L/root/RT-N56U/source/uClibc++/src -Wl,--fatal-warnings -L/root/RT-N56U/source/lib/lib -L/root/RT-N56U/source/uClibc++/src conftest.c  >&5
configure:3525: $? = 0
configure:3532: ./conftest
./configure: line 3534: ./conftest: cannot execute binary file
configure:3536: $? = 126
configure:3551: result: yes
configure:3556: checking for suffix of object files
configure:3578: /opt/buildroot-gcc342/bin/mipsel-linux-uclibc-gcc  -c -O2 -fomit-frame-pointer -pipe  -Dlinux -D__linux__ -Dunix -DEMBED -I/root/RT-N56U/source/lib/include -I/root/RT-N56U/source/uClibc++/include -I/root/RT-N56U/source   conftest.c >&5
configure:3582: $? = 0
configure:3603: result: o
configure:3607: checking whether we are using the GNU C compiler
configure:3626: /opt/buildroot-gcc342/bin/mipsel-linux-uclibc-gcc  -c -O2 -fomit-frame-pointer -pipe  -Dlinux -D__linux__ -Dunix -DEMBED -I/root/RT-N56U/source/lib/include -I/root/RT-N56U/source/uClibc++/include -I/root/RT-N56U/source   conftest.c >&5
configure:3626: $? = 0
configure:3635: result: yes
configure:3644: checking whether /opt/buildroot-gcc342/bin/mipsel-linux-uclibc-gcc  accepts -g
configure:3664: /opt/buildroot-gcc342/bin/mipsel-linux-uclibc-gcc  -c -g  conftest.c >&5
configure:3664: $? = 0
configure:3705: result: yes
configure:3722: checking for /opt/buildroot-gcc342/bin/mipsel-linux-uclibc-gcc  option to accept ISO C89
configure:3786: /opt/buildroot-gcc342/bin/mipsel-linux-uclibc-gcc   -c -O2 -fomit-frame-pointer -pipe  -Dlinux -D__linux__ -Dunix -DEMBED -I/root/RT-N56U/source/lib/include -I/root/RT-N56U/source/uClibc++/include -I/root/RT-N56U/source   conftest.c >&5
configure:3786: $? = 0
configure:3799: result: none needed
configure:3821: checking dependency style of /opt/buildroot-gcc342/bin/mipsel-linux-uclibc-gcc 
configure:3931: result: gcc3
configure:3946: checking for function prototypes
configure:3949: result: yes
configure:3968: checking how to run the C preprocessor
configure:3999: /opt/buildroot-gcc342/bin/mipsel-linux-uclibc-gcc  -E  conftest.c
configure:3999: $? = 0
configure:4013: /opt/buildroot-gcc342/bin/mipsel-linux-uclibc-gcc  -E  conftest.c
conftest.c:13:28: ac_nonexistent.h: No such file or directory
configure:4013: $? = 1
configure: failed program was:
| /* confdefs.h */
| #define PACKAGE_NAME "libjpeg"
| #define PACKAGE_TARNAME "libjpeg"
| #define PACKAGE_VERSION "8.0.2"
| #define PACKAGE_STRING "libjpeg 8.0.2"
| #define PACKAGE_BUGREPORT ""
| #define PACKAGE_URL ""
| #define PACKAGE "libjpeg"
| #define VERSION "8.0.2"
| #define PROTOTYPES 1
| #define __PROTOTYPES 1
| /* end confdefs.h.  */
| #include <ac_nonexistent.h>
configure:4038: result: /opt/buildroot-gcc342/bin/mipsel-linux-uclibc-gcc  -E
configure:4058: /opt/buildroot-gcc342/bin/mipsel-linux-uclibc-gcc  -E  conftest.c
configure:4058: $? = 0
configure:4072: /opt/buildroot-gcc342/bin/mipsel-linux-uclibc-gcc  -E  conftest.c
conftest.c:13:28: ac_nonexistent.h: No such file or directory
configure:4072: $? = 1
configure: failed program was:
| /* confdefs.h */
| #define PACKAGE_NAME "libjpeg"
| #define PACKAGE_TARNAME "libjpeg"
| #define PACKAGE_VERSION "8.0.2"
| #define PACKAGE_STRING "libjpeg 8.0.2"
| #define PACKAGE_BUGREPORT ""
| #define PACKAGE_URL ""
| #define PACKAGE "libjpeg"
| #define VERSION "8.0.2"
| #define PROTOTYPES 1
| #define __PROTOTYPES 1
| /* end confdefs.h.  */
| #include <ac_nonexistent.h>
configure:4101: checking for grep that handles long lines and -e
configure:4159: result: /bin/grep
configure:4164: checking for egrep
configure:4226: result: /bin/grep -E
configure:4231: checking for ANSI C header files
configure:4251: /opt/buildroot-gcc342/bin/mipsel-linux-uclibc-gcc  -c -O2 -fomit-frame-pointer -pipe  -Dlinux -D__linux__ -Dunix -DEMBED -I/root/RT-N56U/source/lib/include -I/root/RT-N56U/source/uClibc++/include -I/root/RT-N56U/source   conftest.c >&5
configure:4251: $? = 0
configure:4335: result: yes
configure:4348: checking for sys/types.h
configure:4348: /opt/buildroot-gcc342/bin/mipsel-linux-uclibc-gcc  -c -O2 -fomit-frame-pointer -pipe  -Dlinux -D__linux__ -Dunix -DEMBED -I/root/RT-N56U/source/lib/include -I/root/RT-N56U/source/uClibc++/include -I/root/RT-N56U/source   conftest.c >&5
configure:4348: $? = 0
configure:4348: result: yes
configure:4348: checking for sys/stat.h
configure:4348: /opt/buildroot-gcc342/bin/mipsel-linux-uclibc-gcc  -c -O2 -fomit-frame-pointer -pipe  -Dlinux -D__linux__ -Dunix -DEMBED -I/root/RT-N56U/source/lib/include -I/root/RT-N56U/source/uClibc++/include -I/root/RT-N56U/source   conftest.c >&5
configure:4348: $? = 0
configure:4348: result: yes
configure:4348: checking for stdlib.h
configure:4348: /opt/buildroot-gcc342/bin/mipsel-linux-uclibc-gcc  -c -O2 -fomit-frame-pointer -pipe  -Dlinux -D__linux__ -Dunix -DEMBED -I/root/RT-N56U/source/lib/include -I/root/RT-N56U/source/uClibc++/include -I/root/RT-N56U/source   conftest.c >&5
configure:4348: $? = 0
configure:4348: result: yes
configure:4348: checking for string.h
configure:4348: /opt/buildroot-gcc342/bin/mipsel-linux-uclibc-gcc  -c -O2 -fomit-frame-pointer -pipe  -Dlinux -D__linux__ -Dunix -DEMBED -I/root/RT-N56U/source/lib/include -I/root/RT-N56U/source/uClibc++/include -I/root/RT-N56U/source   conftest.c >&5
configure:4348: $? = 0
configure:4348: result: yes
configure:4348: checking for memory.h
configure:4348: /opt/buildroot-gcc342/bin/mipsel-linux-uclibc-gcc  -c -O2 -fomit-frame-pointer -pipe  -Dlinux -D__linux__ -Dunix -DEMBED -I/root/RT-N56U/source/lib/include -I/root/RT-N56U/source/uClibc++/include -I/root/RT-N56U/source   conftest.c >&5
configure:4348: $? = 0
configure:4348: result: yes
configure:4348: checking for strings.h
configure:4348: /opt/buildroot-gcc342/bin/mipsel-linux-uclibc-gcc  -c -O2 -fomit-frame-pointer -pipe  -Dlinux -D__linux__ -Dunix -DEMBED -I/root/RT-N56U/source/lib/include -I/root/RT-N56U/source/uClibc++/include -I/root/RT-N56U/source   conftest.c >&5
configure:4348: $? = 0
configure:4348: result: yes
configure:4348: checking for inttypes.h
configure:4348: /opt/buildroot-gcc342/bin/mipsel-linux-uclibc-gcc  -c -O2 -fomit-frame-pointer -pipe  -Dlinux -D__linux__ -Dunix -DEMBED -I/root/RT-N56U/source/lib/include -I/root/RT-N56U/source/uClibc++/include -I/root/RT-N56U/source   conftest.c >&5
configure:4348: $? = 0
configure:4348: result: yes
configure:4348: checking for stdint.h
configure:4348: /opt/buildroot-gcc342/bin/mipsel-linux-uclibc-gcc  -c -O2 -fomit-frame-pointer -pipe  -Dlinux -D__linux__ -Dunix -DEMBED -I/root/RT-N56U/source/lib/include -I/root/RT-N56U/source/uClibc++/include -I/root/RT-N56U/source   conftest.c >&5
configure:4348: $? = 0
configure:4348: result: yes
configure:4348: checking for unistd.h
configure:4348: /opt/buildroot-gcc342/bin/mipsel-linux-uclibc-gcc  -c -O2 -fomit-frame-pointer -pipe  -Dlinux -D__linux__ -Dunix -DEMBED -I/root/RT-N56U/source/lib/include -I/root/RT-N56U/source/uClibc++/include -I/root/RT-N56U/source   conftest.c >&5
configure:4348: $? = 0
configure:4348: result: yes
configure:4371: checking for string.h
configure:4371: result: yes
configure:4387: checking whether to enable maintainer-specific portions of Makefiles
configure:4396: result: no
configure:4419: checking for mipsel-linux-gcc
configure:4446: result: /opt/buildroot-gcc342/bin/mipsel-linux-uclibc-gcc 
configure:4715: checking for C compiler version
configure:4724: /opt/buildroot-gcc342/bin/mipsel-linux-uclibc-gcc  --version >&5
mipsel-linux-uclibc-gcc (GCC) 3.4.2
Copyright (C) 2004 Free Software Foundation, Inc.
This is free software; see the source for copying conditions.  There is NO
warranty; not even for MERCHANTABILITY or FITNESS FOR A PARTICULAR PURPOSE.

configure:4735: $? = 0
configure:4724: /opt/buildroot-gcc342/bin/mipsel-linux-uclibc-gcc  -v >&5
Reading specs from /opt/buildroot-gcc342/bin/../lib/gcc/mipsel-linux-uclibc/3.4.2/specs
Configured with: /home/winfred/RT288x_SDK/toolchain/buildroot/toolchain_build_mipsel/gcc-3.4.2/configure --prefix=/home/winfred/RT288x_SDK/toolchain/buildroot-gdb --build=i386-pc-linux-gnu --host=i386-pc-linux-gnu --target=mipsel-linux-uclibc --enable-languages=c,c++ --disable-__cxa_atexit --enable-target-optspace --with-gnu-ld --disable-shared --disable-nls --enable-threads --enable-multilib --enable-sjlj-exceptions : (reconfigured) /home/winfred/RT288x_SDK/toolchain/buildroot/toolchain_build_mipsel/gcc-3.4.2/configure --prefix=/home/winfred/RT288x_SDK/toolchain/buildroot-gdb --build=i386-pc-linux-gnu --host=i386-pc-linux-gnu --target=mipsel-linux-uclibc --enable-languages=c,c++ --disable-__cxa_atexit --enable-target-optspace --with-gnu-ld --disable-shared --disable-nls --enable-threads --enable-multilib --enable-sjlj-exceptions
Thread model: posix
gcc version 3.4.2
configure:4735: $? = 0
configure:4724: /opt/buildroot-gcc342/bin/mipsel-linux-uclibc-gcc  -V >&5
mipsel-linux-uclibc-gcc: `-V' option must have argument
configure:4735: $? = 1
configure:4724: /opt/buildroot-gcc342/bin/mipsel-linux-uclibc-gcc  -qversion >&5
mipsel-linux-uclibc-gcc: unrecognized option `-qversion'
mipsel-linux-uclibc-gcc: no input files
configure:4735: $? = 1
configure:4739: checking whether we are using the GNU C compiler
configure:4767: result: yes
configure:4776: checking whether /opt/buildroot-gcc342/bin/mipsel-linux-uclibc-gcc  accepts -g
configure:4837: result: yes
configure:4854: checking for /opt/buildroot-gcc342/bin/mipsel-linux-uclibc-gcc  option to accept ISO C89
configure:4931: result: none needed
configure:4953: checking dependency style of /opt/buildroot-gcc342/bin/mipsel-linux-uclibc-gcc 
configure:5063: result: gcc3
configure:5082: checking for /opt/buildroot-gcc342/bin/mipsel-linux-uclibc-gcc  option to accept ISO C99
configure:5231: /opt/buildroot-gcc342/bin/mipsel-linux-uclibc-gcc   -c -O2 -fomit-frame-pointer -pipe  -Dlinux -D__linux__ -Dunix -DEMBED -I/root/RT-N56U/source/lib/include -I/root/RT-N56U/source/uClibc++/include -I/root/RT-N56U/source   conftest.c >&5
conftest.c:74: error: parse error before "text"
conftest.c: In function `test_restrict':
conftest.c:79: error: 'for' loop initial declaration used outside C99 mode
conftest.c:79: error: `text' undeclared (first use in this function)
conftest.c:79: error: (Each undeclared identifier is reported only once
conftest.c:79: error: for each function it appears in.)
conftest.c: In function `main':
conftest.c:128: error: syntax error before "newvar"
conftest.c:138: error: 'for' loop initial declaration used outside C99 mode
conftest.c:154: error: `newvar' undeclared (first use in this function)
configure:5231: $? = 1
configure: failed program was:
| /* confdefs.h */
| #define PACKAGE_NAME "libjpeg"
| #define PACKAGE_TARNAME "libjpeg"
| #define PACKAGE_VERSION "8.0.2"
| #define PACKAGE_STRING "libjpeg 8.0.2"
| #define PACKAGE_BUGREPORT ""
| #define PACKAGE_URL ""
| #define PACKAGE "libjpeg"
| #define VERSION "8.0.2"
| #define PROTOTYPES 1
| #define __PROTOTYPES 1
| #define STDC_HEADERS 1
| #define HAVE_SYS_TYPES_H 1
| #define HAVE_SYS_STAT_H 1
| #define HAVE_STDLIB_H 1
| #define HAVE_STRING_H 1
| #define HAVE_MEMORY_H 1
| #define HAVE_STRINGS_H 1
| #define HAVE_INTTYPES_H 1
| #define HAVE_STDINT_H 1
| #define HAVE_UNISTD_H 1
| #define HAVE_STRING_H 1
| /* end confdefs.h.  */
| #include <stdarg.h>
| #include <stdbool.h>
| #include <stdlib.h>
| #include <wchar.h>
| #include <stdio.h>
| 
| // Check varargs macros.  These examples are taken from C99 6.10.3.5.
| #define debug(...) fprintf (stderr, __VA_ARGS__)
| #define showlist(...) puts (#__VA_ARGS__)
| #define report(test,...) ((test) ? puts (#test) : printf (__VA_ARGS__))
| static void
| test_varargs_macros (void)
| {
|   int x = 1234;
|   int y = 5678;
|   debug ("Flag");
|   debug ("X = %d\n", x);
|   showlist (The first, second, and third items.);
|   report (x>y, "x is %d but y is %d", x, y);
| }
| 
| // Check long long types.
| #define BIG64 18446744073709551615ull
| #define BIG32 4294967295ul
| #define BIG_OK (BIG64 / BIG32 == 4294967297ull && BIG64 % BIG32 == 0)
| #if !BIG_OK
|   your preprocessor is broken;
| #endif
| #if BIG_OK
| #else
|   your preprocessor is broken;
| #endif
| static long long int bignum = -9223372036854775807LL;
| static unsigned long long int ubignum = BIG64;
| 
| struct incomplete_array
| {
|   int datasize;
|   double data[];
| };
| 
| struct named_init {
|   int number;
|   const wchar_t *name;
|   double average;
| };
| 
| typedef const char *ccp;
| 
| static inline int
| test_restrict (ccp restrict text)
| {
|   // See if C++-style comments work.
|   // Iterate through items via the restricted pointer.
|   // Also check for declarations in for loops.
|   for (unsigned int i = 0; *(text+i) != '\0'; ++i)
|     continue;
|   return 0;
| }
| 
| // Check varargs and va_copy.
| static void
| test_varargs (const char *format, ...)
| {
|   va_list args;
|   va_start (args, format);
|   va_list args_copy;
|   va_copy (args_copy, args);
| 
|   const char *str;
|   int number;
|   float fnumber;
| 
|   while (*format)
|     {
|       switch (*format++)
| 	{
| 	case 's': // string
| 	  str = va_arg (args_copy, const char *);
| 	  break;
| 	case 'd': // int
| 	  number = va_arg (args_copy, int);
| 	  break;
| 	case 'f': // float
| 	  fnumber = va_arg (args_copy, double);
| 	  break;
| 	default:
| 	  break;
| 	}
|     }
|   va_end (args_copy);
|   va_end (args);
| }
| 
| int
| main ()
| {
| 
|   // Check bool.
|   _Bool success = false;
| 
|   // Check restrict.
|   if (test_restrict ("String literal") == 0)
|     success = true;
|   char *restrict newvar = "Another string";
| 
|   // Check varargs.
|   test_varargs ("s, d' f .", "string", 65, 34.234);
|   test_varargs_macros ();
| 
|   // Check flexible array members.
|   struct incomplete_array *ia =
|     malloc (sizeof (struct incomplete_array) + (sizeof (double) * 10));
|   ia->datasize = 10;
|   for (int i = 0; i < ia->datasize; ++i)
|     ia->data[i] = i * 1.234;
| 
|   // Check named initializers.
|   struct named_init ni = {
|     .number = 34,
|     .name = L"Test wide string",
|     .average = 543.34343,
|   };
| 
|   ni.number = 58;
| 
|   int dynamic_array[ni.number];
|   dynamic_array[ni.number - 1] = 543;
| 
|   // work around unused variable warnings
|   return (!success || bignum == 0LL || ubignum == 0uLL || newvar[0] == 'x'
| 	  || dynamic_array[ni.number - 1] != 543);
| 
|   ;
|   return 0;
| }
configure:5231: /opt/buildroot-gcc342/bin/mipsel-linux-uclibc-gcc  -std=gnu99 -c -O2 -fomit-frame-pointer -pipe  -Dlinux -D__linux__ -Dunix -DEMBED -I/root/RT-N56U/source/lib/include -I/root/RT-N56U/source/uClibc++/include -I/root/RT-N56U/source   conftest.c >&5
configure:5231: $? = 0
configure:5251: result: -std=gnu99
configure:5353: checking for /opt/buildroot-gcc342/bin/mipsel-linux-uclibc-gcc  -std=gnu99 option to accept ISO Standard C
configure:5367: result: -std=gnu99
configure:5376: checking how to run the C preprocessor
configure:5446: result: /opt/buildroot-gcc342/bin/mipsel-linux-uclibc-gcc  -E
configure:5466: /opt/buildroot-gcc342/bin/mipsel-linux-uclibc-gcc  -E  conftest.c
configure:5466: $? = 0
configure:5480: /opt/buildroot-gcc342/bin/mipsel-linux-uclibc-gcc  -E  conftest.c
conftest.c:24:28: ac_nonexistent.h: No such file or directory
configure:5480: $? = 1
configure: failed program was:
| /* confdefs.h */
| #define PACKAGE_NAME "libjpeg"
| #define PACKAGE_TARNAME "libjpeg"
| #define PACKAGE_VERSION "8.0.2"
| #define PACKAGE_STRING "libjpeg 8.0.2"
| #define PACKAGE_BUGREPORT ""
| #define PACKAGE_URL ""
| #define PACKAGE "libjpeg"
| #define VERSION "8.0.2"
| #define PROTOTYPES 1
| #define __PROTOTYPES 1
| #define STDC_HEADERS 1
| #define HAVE_SYS_TYPES_H 1
| #define HAVE_SYS_STAT_H 1
| #define HAVE_STDLIB_H 1
| #define HAVE_STRING_H 1
| #define HAVE_MEMORY_H 1
| #define HAVE_STRINGS_H 1
| #define HAVE_INTTYPES_H 1
| #define HAVE_STDINT_H 1
| #define HAVE_UNISTD_H 1
| #define HAVE_STRING_H 1
| /* end confdefs.h.  */
| #include <ac_nonexistent.h>
configure:5509: checking whether make sets $(MAKE)
configure:5531: result: yes
configure:5540: checking whether ln -s works
configure:5544: result: yes
configure:5560: checking if LD -Wl,--version-script works
configure:5584: /opt/buildroot-gcc342/bin/mipsel-linux-uclibc-gcc  -std=gnu99 -o conftest -O2 -fomit-frame-pointer -pipe  -Dlinux -D__linux__ -Dunix -DEMBED -I/root/RT-N56U/source/lib/include -I/root/RT-N56U/source/uClibc++/include -I/root/RT-N56U/source   -Wl,--fatal-warnings -L/root/RT-N56U/source/lib/lib -L/root/RT-N56U/source/uClibc++/src -Wl,--fatal-warnings -L/root/RT-N56U/source/lib/lib -L/root/RT-N56U/source/uClibc++/src -Wl,--version-script=conftest.map conftest.c  >&5
configure:5584: $? = 0
configure:5593: result: yes
configure:5606: checking for function prototypes
configure:5633: /opt/buildroot-gcc342/bin/mipsel-linux-uclibc-gcc  -std=gnu99 -c -O2 -fomit-frame-pointer -pipe  -Dlinux -D__linux__ -Dunix -DEMBED -I/root/RT-N56U/source/lib/include -I/root/RT-N56U/source/uClibc++/include -I/root/RT-N56U/source   conftest.c >&5
configure:5633: $? = 0
configure:5641: result: yes
configure:5659: checking stddef.h usability
configure:5659: /opt/buildroot-gcc342/bin/mipsel-linux-uclibc-gcc  -std=gnu99 -c -O2 -fomit-frame-pointer -pipe  -Dlinux -D__linux__ -Dunix -DEMBED -I/root/RT-N56U/source/lib/include -I/root/RT-N56U/source/uClibc++/include -I/root/RT-N56U/source   conftest.c >&5
configure:5659: $? = 0
configure:5659: result: yes
configure:5659: checking stddef.h presence
configure:5659: /opt/buildroot-gcc342/bin/mipsel-linux-uclibc-gcc  -E  conftest.c
configure:5659: $? = 0
configure:5659: result: yes
configure:5659: checking for stddef.h
configure:5659: result: yes
configure:5659: checking for stdlib.h
configure:5659: result: yes
configure:5659: checking locale.h usability
configure:5659: /opt/buildroot-gcc342/bin/mipsel-linux-uclibc-gcc  -std=gnu99 -c -O2 -fomit-frame-pointer -pipe  -Dlinux -D__linux__ -Dunix -DEMBED -I/root/RT-N56U/source/lib/include -I/root/RT-N56U/source/uClibc++/include -I/root/RT-N56U/source   conftest.c >&5
configure:5659: $? = 0
configure:5659: result: yes
configure:5659: checking locale.h presence
configure:5659: /opt/buildroot-gcc342/bin/mipsel-linux-uclibc-gcc  -E  conftest.c
configure:5659: $? = 0
configure:5659: result: yes
configure:5659: checking for locale.h
configure:5659: result: yes
configure:5670: checking for string.h
configure:5670: result: yes
configure:5683: checking for size_t
configure:5710: /opt/buildroot-gcc342/bin/mipsel-linux-uclibc-gcc  -std=gnu99 -c -O2 -fomit-frame-pointer -pipe  -Dlinux -D__linux__ -Dunix -DEMBED -I/root/RT-N56U/source/lib/include -I/root/RT-N56U/source/uClibc++/include -I/root/RT-N56U/source   conftest.c >&5
configure:5710: $? = 0
configure:5716: result: yes
configure:5750: checking for type unsigned char
configure:5763: /opt/buildroot-gcc342/bin/mipsel-linux-uclibc-gcc  -std=gnu99 -c -O2 -fomit-frame-pointer -pipe  -Dlinux -D__linux__ -Dunix -DEMBED -I/root/RT-N56U/source/lib/include -I/root/RT-N56U/source/uClibc++/include -I/root/RT-N56U/source   conftest.c >&5
configure:5763: $? = 0
configure:5764: result: yes
configure:5774: checking for type unsigned short
configure:5787: /opt/buildroot-gcc342/bin/mipsel-linux-uclibc-gcc  -std=gnu99 -c -O2 -fomit-frame-pointer -pipe  -Dlinux -D__linux__ -Dunix -DEMBED -I/root/RT-N56U/source/lib/include -I/root/RT-N56U/source/uClibc++/include -I/root/RT-N56U/source   conftest.c >&5
configure:5787: $? = 0
configure:5788: result: yes
configure:5798: checking for type void
configure:5832: /opt/buildroot-gcc342/bin/mipsel-linux-uclibc-gcc  -std=gnu99 -c -O2 -fomit-frame-pointer -pipe  -Dlinux -D__linux__ -Dunix -DEMBED -I/root/RT-N56U/source/lib/include -I/root/RT-N56U/source/uClibc++/include -I/root/RT-N56U/source   conftest.c >&5
configure:5832: $? = 0
configure:5833: result: yes
configure:5843: checking for an ANSI C-conforming const
configure:5908: /opt/buildroot-gcc342/bin/mipsel-linux-uclibc-gcc  -std=gnu99 -c -O2 -fomit-frame-pointer -pipe  -Dlinux -D__linux__ -Dunix -DEMBED -I/root/RT-N56U/source/lib/include -I/root/RT-N56U/source/uClibc++/include -I/root/RT-N56U/source   conftest.c >&5
configure:5908: $? = 0
configure:5915: result: yes
configure:5925: checking for inline
configure:5940: /opt/buildroot-gcc342/bin/mipsel-linux-uclibc-gcc  -std=gnu99 -c -O2 -fomit-frame-pointer -pipe  -Dlinux -D__linux__ -Dunix -DEMBED -I/root/RT-N56U/source/lib/include -I/root/RT-N56U/source/uClibc++/include -I/root/RT-N56U/source   conftest.c >&5
configure:5940: $? = 0
configure:5978: result: __inline__
configure:5987: checking for broken incomplete types
configure:6000: /opt/buildroot-gcc342/bin/mipsel-linux-uclibc-gcc  -std=gnu99 -c -O2 -fomit-frame-pointer -pipe  -Dlinux -D__linux__ -Dunix -DEMBED -I/root/RT-N56U/source/lib/include -I/root/RT-N56U/source/uClibc++/include -I/root/RT-N56U/source   conftest.c >&5
configure:6000: $? = 0
configure:6001: result: ok
configure:6013: checking for short external names
configure:6029: /opt/buildroot-gcc342/bin/mipsel-linux-uclibc-gcc  -std=gnu99 -o conftest -O2 -fomit-frame-pointer -pipe  -Dlinux -D__linux__ -Dunix -DEMBED -I/root/RT-N56U/source/lib/include -I/root/RT-N56U/source/uClibc++/include -I/root/RT-N56U/source   -Wl,--fatal-warnings -L/root/RT-N56U/source/lib/lib -L/root/RT-N56U/source/uClibc++/src -Wl,--fatal-warnings -L/root/RT-N56U/source/lib/lib -L/root/RT-N56U/source/uClibc++/src conftest.c  >&5
configure:6029: $? = 0
configure:6030: result: ok
configure:6043: checking to see if char is signed
configure:6088: checking to see if right shift is signed
configure:6091: result: Assuming that right shift is signed on target machine.
configure:6138: checking to see if fopen accepts b spec
configure:6141: result: Assuming that it does.
configure:6498: checking for a sed that does not truncate output
configure:6562: result: /bin/sed
configure:6580: checking for fgrep
configure:6642: result: /bin/grep -F
configure:6677: checking for ld used by /opt/buildroot-gcc342/bin/mipsel-linux-uclibc-gcc  -std=gnu99
configure:6744: result: /opt/buildroot-gcc342/bin/mipsel-linux-uclibc-ld
configure:6751: checking if the linker (/opt/buildroot-gcc342/bin/mipsel-linux-uclibc-ld) is GNU ld
configure:6766: result: yes
configure:6778: checking for BSD- or MS-compatible name lister (nm)
configure:6827: result: /opt/buildroot-gdb/bin/mipsel-linux-nm -B
configure:6945: checking the name lister (/opt/buildroot-gdb/bin/mipsel-linux-nm -B) interface
configure:6952: /opt/buildroot-gcc342/bin/mipsel-linux-uclibc-gcc  -std=gnu99 -c -O2 -fomit-frame-pointer -pipe  -Dlinux -D__linux__ -Dunix -DEMBED -I/root/RT-N56U/source/lib/include -I/root/RT-N56U/source/uClibc++/include -I/root/RT-N56U/source   conftest.c >&5
configure:6955: /opt/buildroot-gdb/bin/mipsel-linux-nm -B "conftest.o"
configure:6958: output
00000000 B some_variable
configure:6965: result: BSD nm
configure:6969: checking the maximum length of command line arguments
configure:7089: result: 1966080
configure:7106: checking whether the shell understands some XSI constructs
configure:7116: result: yes
configure:7120: checking whether the shell understands "+="
configure:7126: result: yes
configure:7161: checking for /opt/buildroot-gcc342/bin/mipsel-linux-uclibc-ld option to reload object files
configure:7168: result: -r
configure:7197: checking for mipsel-linux-objdump
configure:7224: result: objdump
configure:7293: checking how to recognize dependent libraries
configure:7489: result: pass_all
configure:7509: checking for mipsel-linux-ar
configure:7536: result: /opt/buildroot-gcc342/bin/mipsel-linux-uclibc-ar
configure:7614: checking for mipsel-linux-strip
configure:7641: result: /opt/buildroot-gcc342/bin/mipsel-linux-uclibc-strip
configure:7713: checking for mipsel-linux-ranlib
configure:7740: result: /opt/buildroot-gcc342/bin/mipsel-linux-uclibc-ranlib
configure:7870: checking command to parse /opt/buildroot-gdb/bin/mipsel-linux-nm -B output from /opt/buildroot-gcc342/bin/mipsel-linux-uclibc-gcc  -std=gnu99 object
configure:7988: /opt/buildroot-gcc342/bin/mipsel-linux-uclibc-gcc  -std=gnu99 -c -O2 -fomit-frame-pointer -pipe  -Dlinux -D__linux__ -Dunix -DEMBED -I/root/RT-N56U/source/lib/include -I/root/RT-N56U/source/uClibc++/include -I/root/RT-N56U/source   conftest.c >&5
configure:7991: $? = 0
configure:7995: /opt/buildroot-gdb/bin/mipsel-linux-nm -B conftest.o \| sed -n -e 's/^.*[	 ]\([ABCDGIRSTW][ABCDGIRSTW]*\)[	 ][	 ]*\([_A-Za-z][_A-Za-z0-9]*\)$/\1 \2 \2/p' \> conftest.nm
configure:7998: $? = 0
configure:8052: /opt/buildroot-gcc342/bin/mipsel-linux-uclibc-gcc  -std=gnu99 -o conftest -O2 -fomit-frame-pointer -pipe  -Dlinux -D__linux__ -Dunix -DEMBED -I/root/RT-N56U/source/lib/include -I/root/RT-N56U/source/uClibc++/include -I/root/RT-N56U/source   -Wl,--fatal-warnings -L/root/RT-N56U/source/lib/lib -L/root/RT-N56U/source/uClibc++/src -Wl,--fatal-warnings -L/root/RT-N56U/source/lib/lib -L/root/RT-N56U/source/uClibc++/src conftest.c conftstm.o >&5
configure:8055: $? = 0
configure:8093: result: ok
configure:8898: checking for dlfcn.h
configure:8898: /opt/buildroot-gcc342/bin/mipsel-linux-uclibc-gcc  -std=gnu99 -c -O2 -fomit-frame-pointer -pipe  -Dlinux -D__linux__ -Dunix -DEMBED -I/root/RT-N56U/source/lib/include -I/root/RT-N56U/source/uClibc++/include -I/root/RT-N56U/source   conftest.c >&5
configure:8898: $? = 0
configure:8898: result: yes
configure:9080: checking for objdir
configure:9095: result: .libs
configure:9387: checking if /opt/buildroot-gcc342/bin/mipsel-linux-uclibc-gcc  -std=gnu99 supports -fno-rtti -fno-exceptions
configure:9405: /opt/buildroot-gcc342/bin/mipsel-linux-uclibc-gcc  -std=gnu99 -c -O2 -fomit-frame-pointer -pipe  -Dlinux -D__linux__ -Dunix -DEMBED -I/root/RT-N56U/source/lib/include -I/root/RT-N56U/source/uClibc++/include -I/root/RT-N56U/source   -fno-rtti -fno-exceptions conftest.c >&5
cc1: warning: command line option "-fno-rtti" is valid for C++/ObjC++ but not for C
configure:9409: $? = 0
configure:9422: result: no
configure:9442: checking for /opt/buildroot-gcc342/bin/mipsel-linux-uclibc-gcc  -std=gnu99 option to produce PIC
configure:9714: result: -fPIC -DPIC
configure:9726: checking if /opt/buildroot-gcc342/bin/mipsel-linux-uclibc-gcc  -std=gnu99 PIC flag -fPIC -DPIC works
configure:9744: /opt/buildroot-gcc342/bin/mipsel-linux-uclibc-gcc  -std=gnu99 -c -O2 -fomit-frame-pointer -pipe  -Dlinux -D__linux__ -Dunix -DEMBED -I/root/RT-N56U/source/lib/include -I/root/RT-N56U/source/uClibc++/include -I/root/RT-N56U/source   -fPIC -DPIC -DPIC conftest.c >&5
configure:9748: $? = 0
configure:9761: result: yes
configure:9785: checking if /opt/buildroot-gcc342/bin/mipsel-linux-uclibc-gcc  -std=gnu99 static flag -static works
configure:9813: result: yes
configure:9828: checking if /opt/buildroot-gcc342/bin/mipsel-linux-uclibc-gcc  -std=gnu99 supports -c -o file.o
configure:9849: /opt/buildroot-gcc342/bin/mipsel-linux-uclibc-gcc  -std=gnu99 -c -O2 -fomit-frame-pointer -pipe  -Dlinux -D__linux__ -Dunix -DEMBED -I/root/RT-N56U/source/lib/include -I/root/RT-N56U/source/uClibc++/include -I/root/RT-N56U/source   -o out/conftest2.o conftest.c >&5
configure:9853: $? = 0
configure:9875: result: yes
configure:9883: checking if /opt/buildroot-gcc342/bin/mipsel-linux-uclibc-gcc  -std=gnu99 supports -c -o file.o
configure:9930: result: yes
configure:9963: checking whether the /opt/buildroot-gcc342/bin/mipsel-linux-uclibc-gcc  -std=gnu99 linker (/opt/buildroot-gcc342/bin/mipsel-linux-uclibc-ld) supports shared libraries
configure:10949: result: yes
configure:10986: checking whether -lc should be explicitly linked in
configure:10991: /opt/buildroot-gcc342/bin/mipsel-linux-uclibc-gcc  -std=gnu99 -c -O2 -fomit-frame-pointer -pipe  -Dlinux -D__linux__ -Dunix -DEMBED -I/root/RT-N56U/source/lib/include -I/root/RT-N56U/source/uClibc++/include -I/root/RT-N56U/source   conftest.c >&5
configure:10994: $? = 0
configure:11009: /opt/buildroot-gcc342/bin/mipsel-linux-uclibc-gcc  -std=gnu99 -shared conftest.o  -v -Wl,-soname -Wl,conftest -o conftest 2\>\&1 \| /bin/grep  -lc  \>/dev/null 2\>\&1
configure:11012: $? = 0
configure:11024: result: no
configure:11188: checking dynamic linker characteristics
configure:11621: /opt/buildroot-gcc342/bin/mipsel-linux-uclibc-gcc  -std=gnu99 -o conftest -O2 -fomit-frame-pointer -pipe  -Dlinux -D__linux__ -Dunix -DEMBED -I/root/RT-N56U/source/lib/include -I/root/RT-N56U/source/uClibc++/include -I/root/RT-N56U/source   -Wl,--fatal-warnings -L/root/RT-N56U/source/lib/lib -L/root/RT-N56U/source/uClibc++/src -Wl,--fatal-warnings -L/root/RT-N56U/source/lib/lib -L/root/RT-N56U/source/uClibc++/src -Wl,-rpath -Wl,/foo conftest.c  >&5
configure:11621: $? = 0
configure:11839: result: GNU/Linux ld.so
configure:11941: checking how to hardcode library paths into programs
configure:11966: result: immediate
configure:12486: checking whether stripping libraries is possible
configure:12491: result: yes
configure:12526: checking if libtool supports shared libraries
configure:12528: result: yes
configure:12531: checking whether to build shared libraries
configure:12552: result: yes
configure:12555: checking whether to build static libraries
configure:12559: result: yes
configure:12675: checking libjpeg version number
configure:12679: result: 8:2
configure:12815: creating ./config.status

## ---------------------- ##
## Running config.status. ##
## ---------------------- ##

This file was extended by libjpeg config.status 8.0.2, which was
generated by GNU Autoconf 2.65.  Invocation command line was

  CONFIG_FILES    = 
  CONFIG_HEADERS  = 
  CONFIG_LINKS    = 
  CONFIG_COMMANDS = 
  $ ./config.status 

on F13

config.status:1093: creating Makefile
config.status:1093: creating jconfig.h
config.status:1265: jconfig.h is unchanged
config.status:1313: executing depfiles commands
config.status:1313: executing libtool commands

## ---------------- ##
## Cache variables. ##
## ---------------- ##

ac_cv_build=i686-pc-linux-gnu
ac_cv_c_compiler_gnu=yes
ac_cv_c_const=yes
ac_cv_env_CC_set=set
ac_cv_env_CC_value='/opt/buildroot-gcc342/bin/mipsel-linux-uclibc-gcc '
ac_cv_env_CFLAGS_set=set
ac_cv_env_CFLAGS_value='-O2 -fomit-frame-pointer -pipe  -Dlinux -D__linux__ -Dunix -DEMBED -I/root/RT-N56U/source/lib/include -I/root/RT-N56U/source/uClibc++/include -I/root/RT-N56U/source '
ac_cv_env_CPPFLAGS_set=
ac_cv_env_CPPFLAGS_value=
ac_cv_env_CPP_set=
ac_cv_env_CPP_value=
ac_cv_env_LDFLAGS_set=set
ac_cv_env_LDFLAGS_value='-Wl,--fatal-warnings -L/root/RT-N56U/source/lib/lib -L/root/RT-N56U/source/uClibc++/src -Wl,--fatal-warnings -L/root/RT-N56U/source/lib/lib -L/root/RT-N56U/source/uClibc++/src'
ac_cv_env_LIBS_set=
ac_cv_env_LIBS_value=
ac_cv_env_build_alias_set=
ac_cv_env_build_alias_value=
ac_cv_env_host_alias_set=set
ac_cv_env_host_alias_value=mipsel-linux
ac_cv_env_target_alias_set=
ac_cv_env_target_alias_value=
ac_cv_header_dlfcn_h=yes
ac_cv_header_inttypes_h=yes
ac_cv_header_locale_h=yes
ac_cv_header_memory_h=yes
ac_cv_header_stdc=yes
ac_cv_header_stddef_h=yes
ac_cv_header_stdint_h=yes
ac_cv_header_stdlib_h=yes
ac_cv_header_string_h=yes
ac_cv_header_strings_h=yes
ac_cv_header_sys_stat_h=yes
ac_cv_header_sys_types_h=yes
ac_cv_header_unistd_h=yes
ac_cv_host=mipsel-unknown-linux-gnu
ac_cv_objext=o
ac_cv_path_EGREP='/bin/grep -E'
ac_cv_path_FGREP='/bin/grep -F'
ac_cv_path_GREP=/bin/grep
ac_cv_path_SED=/bin/sed
ac_cv_path_install='/usr/bin/install -c'
ac_cv_path_mkdir=/bin/mkdir
ac_cv_prog_AR=/opt/buildroot-gcc342/bin/mipsel-linux-uclibc-ar
ac_cv_prog_AWK=gawk
ac_cv_prog_CC='/opt/buildroot-gcc342/bin/mipsel-linux-uclibc-gcc '
ac_cv_prog_CPP='/opt/buildroot-gcc342/bin/mipsel-linux-uclibc-gcc  -E'
ac_cv_prog_OBJDUMP=objdump
ac_cv_prog_RANLIB=/opt/buildroot-gcc342/bin/mipsel-linux-uclibc-ranlib
ac_cv_prog_STRIP=/opt/buildroot-gcc342/bin/mipsel-linux-uclibc-strip
ac_cv_prog_cc_c89=
ac_cv_prog_cc_c99=-std=gnu99
ac_cv_prog_cc_g=yes
ac_cv_prog_cc_stdc=-std=gnu99
ac_cv_prog_make_make_set=yes
ac_cv_target=mipsel-unknown-linux-gnu
am_cv_CC_dependencies_compiler_type=gcc3
ijg_cv_have_prototypes=yes
ijg_cv_inline=__inline__
lt_cv_deplibs_check_method=pass_all
lt_cv_file_magic_cmd='$MAGIC_CMD'
lt_cv_file_magic_test_file=
lt_cv_ld_reload_flag=-r
lt_cv_nm_interface='BSD nm'
lt_cv_objdir=.libs
lt_cv_path_LD=/opt/buildroot-gcc342/bin/mipsel-linux-uclibc-ld
lt_cv_path_NM='/opt/buildroot-gdb/bin/mipsel-linux-nm -B'
lt_cv_prog_compiler_c_o=yes
lt_cv_prog_compiler_pic_works=yes
lt_cv_prog_compiler_rtti_exceptions=no
lt_cv_prog_compiler_static_works=yes
lt_cv_prog_gnu_ld=yes
lt_cv_sys_global_symbol_pipe='sed -n -e '\''s/^.*[	 ]\([ABCDGIRSTW][ABCDGIRSTW]*\)[	 ][	 ]*\([_A-Za-z][_A-Za-z0-9]*\)$/\1 \2 \2/p'\'''
lt_cv_sys_global_symbol_to_c_name_address='sed -n -e '\''s/^: \([^ ]*\) $/  {\"\1\", (void *) 0},/p'\'' -e '\''s/^[ABCDGIRSTW]* \([^ ]*\) \([^ ]*\)$/  {"\2", (void *) \&\2},/p'\'''
lt_cv_sys_global_symbol_to_c_name_address_lib_prefix='sed -n -e '\''s/^: \([^ ]*\) $/  {\"\1\", (void *) 0},/p'\'' -e '\''s/^[ABCDGIRSTW]* \([^ ]*\) \(lib[^ ]*\)$/  {"\2", (void *) \&\2},/p'\'' -e '\''s/^[ABCDGIRSTW]* \([^ ]*\) \([^ ]*\)$/  {"lib\2", (void *) \&\2},/p'\'''
lt_cv_sys_global_symbol_to_cdecl='sed -n -e '\''s/^T .* \(.*\)$/extern int \1();/p'\'' -e '\''s/^[ABCDGIRSTW]* .* \(.*\)$/extern char \1;/p'\'''
lt_cv_sys_max_cmd_len=1966080

## ----------------- ##
## Output variables. ##
## ----------------- ##

ACLOCAL='${SHELL} /root/RT-N56U/source/user/jpeg-8b/source/missing --run aclocal-1.11'
AMDEPBACKSLASH='\'
AMDEP_FALSE='#'
AMDEP_TRUE=''
AMTAR='${SHELL} /root/RT-N56U/source/user/jpeg-8b/source/missing --run tar'
AM_BACKSLASH='\'
AM_DEFAULT_VERBOSITY='0'
ANSI2KNR=''
AR='/opt/buildroot-gcc342/bin/mipsel-linux-uclibc-ar'
AS='/opt/buildroot-gcc342/bin/mipsel-linux-uclibc-as '
AUTOCONF='${SHELL} /root/RT-N56U/source/user/jpeg-8b/source/missing --run autoconf'
AUTOHEADER='echo autoheader ignored'
AUTOMAKE='${SHELL} /root/RT-N56U/source/user/jpeg-8b/source/missing --run automake-1.11'
AWK='gawk'
CC='/opt/buildroot-gcc342/bin/mipsel-linux-uclibc-gcc  -std=gnu99'
CCDEPMODE='depmode=gcc3'
CFLAGS='-O2 -fomit-frame-pointer -pipe  -Dlinux -D__linux__ -Dunix -DEMBED -I/root/RT-N56U/source/lib/include -I/root/RT-N56U/source/uClibc++/include -I/root/RT-N56U/source '
CPP='/opt/buildroot-gcc342/bin/mipsel-linux-uclibc-gcc  -E'
CPPFLAGS=''
CYGPATH_W='echo'
DEFS='-DHAVE_CONFIG_H'
DEPDIR='.deps'
DLLTOOL='dlltool'
DSYMUTIL=''
DUMPBIN=''
ECHO_C=''
ECHO_N='-n'
ECHO_T=''
EGREP='/bin/grep -E'
EXEEXT=''
FGREP='/bin/grep -F'
GREP='/bin/grep'
HAVE_LD_VERSION_SCRIPT_FALSE='#'
HAVE_LD_VERSION_SCRIPT_TRUE=''
INSTALL_DATA='${INSTALL} -m 644'
INSTALL_PROGRAM='${INSTALL}'
INSTALL_SCRIPT='${INSTALL}'
INSTALL_STRIP_PROGRAM='$(install_sh) -c -s'
JPEG_LIB_VERSION='8:2'
LD='/opt/buildroot-gcc342/bin/mipsel-linux-uclibc-ld'
LDFLAGS='-Wl,--fatal-warnings -L/root/RT-N56U/source/lib/lib -L/root/RT-N56U/source/uClibc++/src -Wl,--fatal-warnings -L/root/RT-N56U/source/lib/lib -L/root/RT-N56U/source/uClibc++/src'
LIBOBJS=''
LIBS=''
LIBTOOL='$(SHELL) $(top_builddir)/libtool'
LIPO=''
LN_S='ln -s'
LTLIBOBJS=''
MAINT='#'
MAINTAINER_MODE_FALSE=''
MAINTAINER_MODE_TRUE='#'
MAKEINFO='${SHELL} /root/RT-N56U/source/user/jpeg-8b/source/missing --run makeinfo'
MEMORYMGR='jmemnobs'
MKDIR_P='/bin/mkdir -p'
NM='/opt/buildroot-gdb/bin/mipsel-linux-nm -B'
NMEDIT=''
OBJDUMP='objdump'
OBJEXT='o'
OTOOL64=''
OTOOL=''
PACKAGE='libjpeg'
PACKAGE_BUGREPORT=''
PACKAGE_NAME='libjpeg'
PACKAGE_STRING='libjpeg 8.0.2'
PACKAGE_TARNAME='libjpeg'
PACKAGE_URL=''
PACKAGE_VERSION='8.0.2'
PATH_SEPARATOR=':'
RANLIB='/opt/buildroot-gcc342/bin/mipsel-linux-uclibc-ranlib'
SED='/bin/sed'
SET_MAKE=''
SHELL='/bin/sh'
STRIP='/opt/buildroot-gcc342/bin/mipsel-linux-uclibc-strip'
U=''
VERSION='8.0.2'
ac_ct_CC=''
ac_ct_DUMPBIN=''
am__EXEEXT_FALSE=''
am__EXEEXT_TRUE='#'
am__fastdepCC_FALSE='#'
am__fastdepCC_TRUE=''
am__include='include'
am__isrc=''
am__leading_dot='.'
am__quote=''
am__tar='${AMTAR} chof - "$$tardir"'
am__untar='${AMTAR} xf -'
bindir='${exec_prefix}/bin'
build='i686-pc-linux-gnu'
build_alias=''
build_cpu='i686'
build_os='linux-gnu'
build_vendor='pc'
datadir='${datarootdir}'
datarootdir='${prefix}/share'
docdir='${datarootdir}/doc/${PACKAGE_TARNAME}'
dvidir='${docdir}'
exec_prefix='${prefix}'
host='mipsel-unknown-linux-gnu'
host_alias='mipsel-linux'
host_cpu='mipsel'
host_os='linux-gnu'
host_vendor='unknown'
htmldir='${docdir}'
includedir='${prefix}/include'
infodir='${datarootdir}/info'
install_sh='${SHELL} /root/RT-N56U/source/user/jpeg-8b/source/install-sh'
libdir='${exec_prefix}/lib'
libexecdir='${exec_prefix}/libexec'
localedir='${datarootdir}/locale'
localstatedir='${prefix}/var'
lt_ECHO='echo'
mandir='${datarootdir}/man'
mkdir_p='/bin/mkdir -p'
oldincludedir='/usr/include'
pdfdir='${docdir}'
prefix='/root/RT-N56U/source/user/jpeg-8b/source/../install'
program_transform_name='s,x,x,'
psdir='${docdir}'
sbindir='${exec_prefix}/sbin'
sharedstatedir='${prefix}/com'
sysconfdir='${prefix}/etc'
target='mipsel-unknown-linux-gnu'
target_alias=''
target_cpu='mipsel'
target_os='linux-gnu'
target_vendor='unknown'

## ----------- ##
## confdefs.h. ##
## ----------- ##

/* confdefs.h */
#define PACKAGE_NAME "libjpeg"
#define PACKAGE_TARNAME "libjpeg"
#define PACKAGE_VERSION "8.0.2"
#define PACKAGE_STRING "libjpeg 8.0.2"
#define PACKAGE_BUGREPORT ""
#define PACKAGE_URL ""
#define PACKAGE "libjpeg"
#define VERSION "8.0.2"
#define PROTOTYPES 1
#define __PROTOTYPES 1
#define STDC_HEADERS 1
#define HAVE_SYS_TYPES_H 1
#define HAVE_SYS_STAT_H 1
#define HAVE_STDLIB_H 1
#define HAVE_STRING_H 1
#define HAVE_MEMORY_H 1
#define HAVE_STRINGS_H 1
#define HAVE_INTTYPES_H 1
#define HAVE_STDINT_H 1
#define HAVE_UNISTD_H 1
#define HAVE_STRING_H 1
#define HAVE_PROTOTYPES 1
#define HAVE_STDDEF_H 1
#define HAVE_STDLIB_H 1
#define HAVE_LOCALE_H 1
#define HAVE_UNSIGNED_CHAR 1
#define HAVE_UNSIGNED_SHORT 1
#define INLINE __inline__
#define HAVE_DLFCN_H 1
#define LT_OBJDIR ".libs/"

configure: exit 0
