This file contains any messages produced by compilers while
running configure, to aid debugging if configure makes a mistake.

It was created by sqlite configure 3.7.5, which was
generated by GNU Autoconf 2.62.  Invocation command line was

  $ ./configure --host=mipsel-linux --enable-static --prefix=/home/defjovi/projects/RT-N56U/source/user/sqlite-autoconf-3070500/source/../install

## --------- ##
## Platform. ##
## --------- ##

hostname = F13
uname -m = i686
uname -r = 2.6.34.8-68.fc13.i686.PAE
uname -s = Linux
uname -v = #1 SMP Thu Feb 17 14:54:10 UTC 2011

/usr/bin/uname -p = unknown
/bin/uname -X     = unknown

/bin/arch              = i686
/usr/bin/arch -k       = unknown
/usr/convex/getsysinfo = unknown
/usr/bin/hostinfo      = unknown
/bin/machine           = unknown
/usr/bin/oslevel       = unknown
/bin/universe          = unknown

PATH: /usr/lib/qt-3.3/bin
PATH: /usr/kerberos/sbin
PATH: /usr/kerberos/bin
PATH: /usr/lib/ccache
PATH: /opt/buildroot-gdb/bin
PATH: /usr/local/bin
PATH: /usr/bin
PATH: /bin
PATH: /usr/local/sbin
PATH: /usr/sbin
PATH: /sbin
PATH: /home/defjovi/bin
PATH: /home/defjovi/projects/RT-N56U/source/tools


## ----------- ##
## Core tests. ##
## ----------- ##

configure:2092: checking for a BSD-compatible install
configure:2160: result: /usr/bin/install -c
configure:2171: checking whether build environment is sane
configure:2214: result: yes
configure:2276: checking for gawk
configure:2292: found /usr/bin/gawk
configure:2303: result: gawk
configure:2314: checking whether make sets $(MAKE)
configure:2336: result: yes
configure:2412: checking for mipsel-linux-strip
configure:2439: result: /opt/buildroot-gcc342/bin/mipsel-linux-uclibc-strip
configure:2533: checking for style of include used by make
configure:2561: result: GNU
configure:2594: checking for mipsel-linux-gcc
configure:2621: result: /opt/buildroot-gcc342/bin/mipsel-linux-uclibc-gcc 
configure:2899: checking for C compiler version
configure:2907: /opt/buildroot-gcc342/bin/mipsel-linux-uclibc-gcc  --version >&5
mipsel-linux-uclibc-gcc (GCC) 3.4.2
Copyright (C) 2004 Free Software Foundation, Inc.
This is free software; see the source for copying conditions.  There is NO
warranty; not even for MERCHANTABILITY or FITNESS FOR A PARTICULAR PURPOSE.

configure:2911: $? = 0
configure:2918: /opt/buildroot-gcc342/bin/mipsel-linux-uclibc-gcc  -v >&5
Reading specs from /opt/buildroot-gcc342/bin/../lib/gcc/mipsel-linux-uclibc/3.4.2/specs
Configured with: /home/winfred/RT288x_SDK/toolchain/buildroot/toolchain_build_mipsel/gcc-3.4.2/configure --prefix=/home/winfred/RT288x_SDK/toolchain/buildroot-gdb --build=i386-pc-linux-gnu --host=i386-pc-linux-gnu --target=mipsel-linux-uclibc --enable-languages=c,c++ --disable-__cxa_atexit --enable-target-optspace --with-gnu-ld --disable-shared --disable-nls --enable-threads --enable-multilib --enable-sjlj-exceptions : (reconfigured) /home/winfred/RT288x_SDK/toolchain/buildroot/toolchain_build_mipsel/gcc-3.4.2/configure --prefix=/home/winfred/RT288x_SDK/toolchain/buildroot-gdb --build=i386-pc-linux-gnu --host=i386-pc-linux-gnu --target=mipsel-linux-uclibc --enable-languages=c,c++ --disable-__cxa_atexit --enable-target-optspace --with-gnu-ld --disable-shared --disable-nls --enable-threads --enable-multilib --enable-sjlj-exceptions
Thread model: posix
gcc version 3.4.2
configure:2922: $? = 0
configure:2929: /opt/buildroot-gcc342/bin/mipsel-linux-uclibc-gcc  -V >&5
mipsel-linux-uclibc-gcc: `-V' option must have argument
configure:2933: $? = 1
configure:2956: checking for C compiler default output file name
configure:2978: /opt/buildroot-gcc342/bin/mipsel-linux-uclibc-gcc  -O2 -fomit-frame-pointer -pipe  -Dlinux -D__linux__ -Dunix -DEMBED -I/home/defjovi/projects/RT-N56U/source/lib/include -I/home/defjovi/projects/RT-N56U/source/uClibc++/include -I/home/defjovi/projects/RT-N56U/source   -Wl,--fatal-warnings -L/home/defjovi/projects/RT-N56U/source/lib/lib -L/home/defjovi/projects/RT-N56U/source/uClibc++/src -Wl,--fatal-warnings -L/home/defjovi/projects/RT-N56U/source/lib/lib -L/home/defjovi/projects/RT-N56U/source/uClibc++/src conftest.c  >&5
configure:2982: $? = 0
configure:3020: result: a.out
configure:3037: checking whether the C compiler works
configure:3047: ./a.out
./configure: line 3049: ./a.out: cannot execute binary file
configure:3051: $? = 126
configure:3068: result: yes
configure:3075: checking whether we are cross compiling
configure:3077: result: yes
configure:3080: checking for suffix of executables
configure:3087: /opt/buildroot-gcc342/bin/mipsel-linux-uclibc-gcc  -o conftest -O2 -fomit-frame-pointer -pipe  -Dlinux -D__linux__ -Dunix -DEMBED -I/home/defjovi/projects/RT-N56U/source/lib/include -I/home/defjovi/projects/RT-N56U/source/uClibc++/include -I/home/defjovi/projects/RT-N56U/source   -Wl,--fatal-warnings -L/home/defjovi/projects/RT-N56U/source/lib/lib -L/home/defjovi/projects/RT-N56U/source/uClibc++/src -Wl,--fatal-warnings -L/home/defjovi/projects/RT-N56U/source/lib/lib -L/home/defjovi/projects/RT-N56U/source/uClibc++/src conftest.c  >&5
configure:3091: $? = 0
configure:3115: result: 
configure:3121: checking for suffix of object files
configure:3147: /opt/buildroot-gcc342/bin/mipsel-linux-uclibc-gcc  -c -O2 -fomit-frame-pointer -pipe  -Dlinux -D__linux__ -Dunix -DEMBED -I/home/defjovi/projects/RT-N56U/source/lib/include -I/home/defjovi/projects/RT-N56U/source/uClibc++/include -I/home/defjovi/projects/RT-N56U/source   conftest.c >&5
configure:3151: $? = 0
configure:3174: result: o
configure:3178: checking whether we are using the GNU C compiler
configure:3207: /opt/buildroot-gcc342/bin/mipsel-linux-uclibc-gcc  -c -O2 -fomit-frame-pointer -pipe  -Dlinux -D__linux__ -Dunix -DEMBED -I/home/defjovi/projects/RT-N56U/source/lib/include -I/home/defjovi/projects/RT-N56U/source/uClibc++/include -I/home/defjovi/projects/RT-N56U/source   conftest.c >&5
configure:3214: $? = 0
configure:3231: result: yes
configure:3240: checking whether /opt/buildroot-gcc342/bin/mipsel-linux-uclibc-gcc  accepts -g
configure:3270: /opt/buildroot-gcc342/bin/mipsel-linux-uclibc-gcc  -c -g  conftest.c >&5
configure:3277: $? = 0
configure:3378: result: yes
configure:3395: checking for /opt/buildroot-gcc342/bin/mipsel-linux-uclibc-gcc  option to accept ISO C89
configure:3469: /opt/buildroot-gcc342/bin/mipsel-linux-uclibc-gcc   -c -O2 -fomit-frame-pointer -pipe  -Dlinux -D__linux__ -Dunix -DEMBED -I/home/defjovi/projects/RT-N56U/source/lib/include -I/home/defjovi/projects/RT-N56U/source/uClibc++/include -I/home/defjovi/projects/RT-N56U/source   conftest.c >&5
configure:3476: $? = 0
configure:3499: result: none needed
configure:3519: checking dependency style of /opt/buildroot-gcc342/bin/mipsel-linux-uclibc-gcc 
configure:3609: result: gcc3
configure:3634: checking for special C compiler options needed for large files
configure:3729: result: no
configure:3735: checking for _FILE_OFFSET_BITS value needed for large files
configure:3770: /opt/buildroot-gcc342/bin/mipsel-linux-uclibc-gcc  -c -O2 -fomit-frame-pointer -pipe  -Dlinux -D__linux__ -Dunix -DEMBED -I/home/defjovi/projects/RT-N56U/source/lib/include -I/home/defjovi/projects/RT-N56U/source/uClibc++/include -I/home/defjovi/projects/RT-N56U/source   conftest.c >&5
conftest.c:16: warning: left shift count >= width of type
conftest.c:16: warning: left shift count >= width of type
conftest.c:18: error: size of array `off_t_is_large' is negative
configure:3777: $? = 1
configure: failed program was:
| /* confdefs.h.  */
| #define PACKAGE_NAME "sqlite"
| #define PACKAGE_TARNAME "sqlite"
| #define PACKAGE_VERSION "3.7.5"
| #define PACKAGE_STRING "sqlite 3.7.5"
| #define PACKAGE_BUGREPORT "http://www.sqlite.org"
| #define PACKAGE "sqlite"
| #define VERSION "3.7.5"
| /* end confdefs.h.  */
| #include <sys/types.h>
|  /* Check that off_t can represent 2**63 - 1 correctly.
|     We can't simply define LARGE_OFF_T to be 9223372036854775807,
|     since some C++ compilers masquerading as C compilers
|     incorrectly reject 9223372036854775807.  */
| #define LARGE_OFF_T (((off_t) 1 << 62) - 1 + ((off_t) 1 << 62))
|   int off_t_is_large[(LARGE_OFF_T % 2147483629 == 721
| 		       && LARGE_OFF_T % 2147483647 == 1)
| 		      ? 1 : -1];
| int
| main ()
| {
| 
|   ;
|   return 0;
| }
configure:3821: /opt/buildroot-gcc342/bin/mipsel-linux-uclibc-gcc  -c -O2 -fomit-frame-pointer -pipe  -Dlinux -D__linux__ -Dunix -DEMBED -I/home/defjovi/projects/RT-N56U/source/lib/include -I/home/defjovi/projects/RT-N56U/source/uClibc++/include -I/home/defjovi/projects/RT-N56U/source   conftest.c >&5
configure:3828: $? = 0
configure:3846: result: 64
configure:3993: checking for mipsel-linux-gcc
configure:4020: result: /opt/buildroot-gcc342/bin/mipsel-linux-uclibc-gcc 
configure:4298: checking for C compiler version
configure:4306: /opt/buildroot-gcc342/bin/mipsel-linux-uclibc-gcc  --version >&5
mipsel-linux-uclibc-gcc (GCC) 3.4.2
Copyright (C) 2004 Free Software Foundation, Inc.
This is free software; see the source for copying conditions.  There is NO
warranty; not even for MERCHANTABILITY or FITNESS FOR A PARTICULAR PURPOSE.

configure:4310: $? = 0
configure:4317: /opt/buildroot-gcc342/bin/mipsel-linux-uclibc-gcc  -v >&5
Reading specs from /opt/buildroot-gcc342/bin/../lib/gcc/mipsel-linux-uclibc/3.4.2/specs
Configured with: /home/winfred/RT288x_SDK/toolchain/buildroot/toolchain_build_mipsel/gcc-3.4.2/configure --prefix=/home/winfred/RT288x_SDK/toolchain/buildroot-gdb --build=i386-pc-linux-gnu --host=i386-pc-linux-gnu --target=mipsel-linux-uclibc --enable-languages=c,c++ --disable-__cxa_atexit --enable-target-optspace --with-gnu-ld --disable-shared --disable-nls --enable-threads --enable-multilib --enable-sjlj-exceptions : (reconfigured) /home/winfred/RT288x_SDK/toolchain/buildroot/toolchain_build_mipsel/gcc-3.4.2/configure --prefix=/home/winfred/RT288x_SDK/toolchain/buildroot-gdb --build=i386-pc-linux-gnu --host=i386-pc-linux-gnu --target=mipsel-linux-uclibc --enable-languages=c,c++ --disable-__cxa_atexit --enable-target-optspace --with-gnu-ld --disable-shared --disable-nls --enable-threads --enable-multilib --enable-sjlj-exceptions
Thread model: posix
gcc version 3.4.2
configure:4321: $? = 0
configure:4328: /opt/buildroot-gcc342/bin/mipsel-linux-uclibc-gcc  -V >&5
mipsel-linux-uclibc-gcc: `-V' option must have argument
configure:4332: $? = 1
configure:4335: checking whether we are using the GNU C compiler
configure:4388: result: yes
configure:4397: checking whether /opt/buildroot-gcc342/bin/mipsel-linux-uclibc-gcc  accepts -g
configure:4535: result: yes
configure:4552: checking for /opt/buildroot-gcc342/bin/mipsel-linux-uclibc-gcc  option to accept ISO C89
configure:4656: result: none needed
configure:4676: checking dependency style of /opt/buildroot-gcc342/bin/mipsel-linux-uclibc-gcc 
configure:4766: result: gcc3
configure:4786: checking for mipsel-linux-ranlib
configure:4813: result: /opt/buildroot-gcc342/bin/mipsel-linux-uclibc-ranlib
configure:4957: checking build system type
configure:4975: result: i686-pc-linux-gnu
configure:4997: checking host system type
configure:5012: result: mipsel-unknown-linux-gnu
configure:5034: checking for a sed that does not truncate output
configure:5088: result: /bin/sed
configure:5091: checking for grep that handles long lines and -e
configure:5151: result: /bin/grep
configure:5156: checking for egrep
configure:5220: result: /bin/grep -E
configure:5236: checking for ld used by /opt/buildroot-gcc342/bin/mipsel-linux-uclibc-gcc 
configure:5303: result: /opt/buildroot-gcc342/bin/mipsel-linux-uclibc-ld
configure:5312: checking if the linker (/opt/buildroot-gcc342/bin/mipsel-linux-uclibc-ld) is GNU ld
configure:5327: result: yes
configure:5332: checking for /opt/buildroot-gcc342/bin/mipsel-linux-uclibc-ld option to reload object files
configure:5339: result: -r
configure:5357: checking for BSD-compatible nm
configure:5406: result: /opt/buildroot-gdb/bin/mipsel-linux-nm -B
configure:5410: checking whether ln -s works
configure:5414: result: yes
configure:5421: checking how to recognise dependent libraries
configure:5597: result: pass_all
configure:5834: checking how to run the C preprocessor
configure:5874: /opt/buildroot-gcc342/bin/mipsel-linux-uclibc-gcc  -E  conftest.c
configure:5881: $? = 0
configure:5912: /opt/buildroot-gcc342/bin/mipsel-linux-uclibc-gcc  -E  conftest.c
conftest.c:11:28: ac_nonexistent.h: No such file or directory
configure:5919: $? = 1
configure: failed program was:
| /* confdefs.h.  */
| #define PACKAGE_NAME "sqlite"
| #define PACKAGE_TARNAME "sqlite"
| #define PACKAGE_VERSION "3.7.5"
| #define PACKAGE_STRING "sqlite 3.7.5"
| #define PACKAGE_BUGREPORT "http://www.sqlite.org"
| #define PACKAGE "sqlite"
| #define VERSION "3.7.5"
| #define _FILE_OFFSET_BITS 64
| /* end confdefs.h.  */
| #include <ac_nonexistent.h>
configure:5952: result: /opt/buildroot-gcc342/bin/mipsel-linux-uclibc-gcc  -E
configure:5981: /opt/buildroot-gcc342/bin/mipsel-linux-uclibc-gcc  -E  conftest.c
configure:5988: $? = 0
configure:6019: /opt/buildroot-gcc342/bin/mipsel-linux-uclibc-gcc  -E  conftest.c
conftest.c:11:28: ac_nonexistent.h: No such file or directory
configure:6026: $? = 1
configure: failed program was:
| /* confdefs.h.  */
| #define PACKAGE_NAME "sqlite"
| #define PACKAGE_TARNAME "sqlite"
| #define PACKAGE_VERSION "3.7.5"
| #define PACKAGE_STRING "sqlite 3.7.5"
| #define PACKAGE_BUGREPORT "http://www.sqlite.org"
| #define PACKAGE "sqlite"
| #define VERSION "3.7.5"
| #define _FILE_OFFSET_BITS 64
| /* end confdefs.h.  */
| #include <ac_nonexistent.h>
configure:6064: checking for ANSI C header files
configure:6094: /opt/buildroot-gcc342/bin/mipsel-linux-uclibc-gcc  -c -O2 -fomit-frame-pointer -pipe  -Dlinux -D__linux__ -Dunix -DEMBED -I/home/defjovi/projects/RT-N56U/source/lib/include -I/home/defjovi/projects/RT-N56U/source/uClibc++/include -I/home/defjovi/projects/RT-N56U/source   conftest.c >&5
configure:6101: $? = 0
configure:6232: result: yes
configure:6256: checking for sys/types.h
configure:6277: /opt/buildroot-gcc342/bin/mipsel-linux-uclibc-gcc  -c -O2 -fomit-frame-pointer -pipe  -Dlinux -D__linux__ -Dunix -DEMBED -I/home/defjovi/projects/RT-N56U/source/lib/include -I/home/defjovi/projects/RT-N56U/source/uClibc++/include -I/home/defjovi/projects/RT-N56U/source   conftest.c >&5
configure:6284: $? = 0
configure:6301: result: yes
configure:6256: checking for sys/stat.h
configure:6277: /opt/buildroot-gcc342/bin/mipsel-linux-uclibc-gcc  -c -O2 -fomit-frame-pointer -pipe  -Dlinux -D__linux__ -Dunix -DEMBED -I/home/defjovi/projects/RT-N56U/source/lib/include -I/home/defjovi/projects/RT-N56U/source/uClibc++/include -I/home/defjovi/projects/RT-N56U/source   conftest.c >&5
configure:6284: $? = 0
configure:6301: result: yes
configure:6256: checking for stdlib.h
configure:6277: /opt/buildroot-gcc342/bin/mipsel-linux-uclibc-gcc  -c -O2 -fomit-frame-pointer -pipe  -Dlinux -D__linux__ -Dunix -DEMBED -I/home/defjovi/projects/RT-N56U/source/lib/include -I/home/defjovi/projects/RT-N56U/source/uClibc++/include -I/home/defjovi/projects/RT-N56U/source   conftest.c >&5
configure:6284: $? = 0
configure:6301: result: yes
configure:6256: checking for string.h
configure:6277: /opt/buildroot-gcc342/bin/mipsel-linux-uclibc-gcc  -c -O2 -fomit-frame-pointer -pipe  -Dlinux -D__linux__ -Dunix -DEMBED -I/home/defjovi/projects/RT-N56U/source/lib/include -I/home/defjovi/projects/RT-N56U/source/uClibc++/include -I/home/defjovi/projects/RT-N56U/source   conftest.c >&5
configure:6284: $? = 0
configure:6301: result: yes
configure:6256: checking for memory.h
configure:6277: /opt/buildroot-gcc342/bin/mipsel-linux-uclibc-gcc  -c -O2 -fomit-frame-pointer -pipe  -Dlinux -D__linux__ -Dunix -DEMBED -I/home/defjovi/projects/RT-N56U/source/lib/include -I/home/defjovi/projects/RT-N56U/source/uClibc++/include -I/home/defjovi/projects/RT-N56U/source   conftest.c >&5
configure:6284: $? = 0
configure:6301: result: yes
configure:6256: checking for strings.h
configure:6277: /opt/buildroot-gcc342/bin/mipsel-linux-uclibc-gcc  -c -O2 -fomit-frame-pointer -pipe  -Dlinux -D__linux__ -Dunix -DEMBED -I/home/defjovi/projects/RT-N56U/source/lib/include -I/home/defjovi/projects/RT-N56U/source/uClibc++/include -I/home/defjovi/projects/RT-N56U/source   conftest.c >&5
configure:6284: $? = 0
configure:6301: result: yes
configure:6256: checking for inttypes.h
configure:6277: /opt/buildroot-gcc342/bin/mipsel-linux-uclibc-gcc  -c -O2 -fomit-frame-pointer -pipe  -Dlinux -D__linux__ -Dunix -DEMBED -I/home/defjovi/projects/RT-N56U/source/lib/include -I/home/defjovi/projects/RT-N56U/source/uClibc++/include -I/home/defjovi/projects/RT-N56U/source   conftest.c >&5
configure:6284: $? = 0
configure:6301: result: yes
configure:6256: checking for stdint.h
configure:6277: /opt/buildroot-gcc342/bin/mipsel-linux-uclibc-gcc  -c -O2 -fomit-frame-pointer -pipe  -Dlinux -D__linux__ -Dunix -DEMBED -I/home/defjovi/projects/RT-N56U/source/lib/include -I/home/defjovi/projects/RT-N56U/source/uClibc++/include -I/home/defjovi/projects/RT-N56U/source   conftest.c >&5
configure:6284: $? = 0
configure:6301: result: yes
configure:6256: checking for unistd.h
configure:6277: /opt/buildroot-gcc342/bin/mipsel-linux-uclibc-gcc  -c -O2 -fomit-frame-pointer -pipe  -Dlinux -D__linux__ -Dunix -DEMBED -I/home/defjovi/projects/RT-N56U/source/lib/include -I/home/defjovi/projects/RT-N56U/source/uClibc++/include -I/home/defjovi/projects/RT-N56U/source   conftest.c >&5
configure:6284: $? = 0
configure:6301: result: yes
configure:6330: checking dlfcn.h usability
configure:6347: /opt/buildroot-gcc342/bin/mipsel-linux-uclibc-gcc  -c -O2 -fomit-frame-pointer -pipe  -Dlinux -D__linux__ -Dunix -DEMBED -I/home/defjovi/projects/RT-N56U/source/lib/include -I/home/defjovi/projects/RT-N56U/source/uClibc++/include -I/home/defjovi/projects/RT-N56U/source   conftest.c >&5
configure:6354: $? = 0
configure:6368: result: yes
configure:6372: checking dlfcn.h presence
configure:6387: /opt/buildroot-gcc342/bin/mipsel-linux-uclibc-gcc  -E  conftest.c
configure:6394: $? = 0
configure:6408: result: yes
configure:6441: checking for dlfcn.h
configure:6450: result: yes
configure:6580: checking for C++ compiler version
configure:6588: /opt/buildroot-gcc342/bin/mipsel-linux-uclibc-g++  --version >&5
mipsel-linux-uclibc-g++ (GCC) 3.4.2
Copyright (C) 2004 Free Software Foundation, Inc.
This is free software; see the source for copying conditions.  There is NO
warranty; not even for MERCHANTABILITY or FITNESS FOR A PARTICULAR PURPOSE.

configure:6592: $? = 0
configure:6599: /opt/buildroot-gcc342/bin/mipsel-linux-uclibc-g++  -v >&5
Reading specs from /opt/buildroot-gcc342/bin/../lib/gcc/mipsel-linux-uclibc/3.4.2/specs
Configured with: /home/winfred/RT288x_SDK/toolchain/buildroot/toolchain_build_mipsel/gcc-3.4.2/configure --prefix=/home/winfred/RT288x_SDK/toolchain/buildroot-gdb --build=i386-pc-linux-gnu --host=i386-pc-linux-gnu --target=mipsel-linux-uclibc --enable-languages=c,c++ --disable-__cxa_atexit --enable-target-optspace --with-gnu-ld --disable-shared --disable-nls --enable-threads --enable-multilib --enable-sjlj-exceptions : (reconfigured) /home/winfred/RT288x_SDK/toolchain/buildroot/toolchain_build_mipsel/gcc-3.4.2/configure --prefix=/home/winfred/RT288x_SDK/toolchain/buildroot-gdb --build=i386-pc-linux-gnu --host=i386-pc-linux-gnu --target=mipsel-linux-uclibc --enable-languages=c,c++ --disable-__cxa_atexit --enable-target-optspace --with-gnu-ld --disable-shared --disable-nls --enable-threads --enable-multilib --enable-sjlj-exceptions
Thread model: posix
gcc version 3.4.2
configure:6603: $? = 0
configure:6610: /opt/buildroot-gcc342/bin/mipsel-linux-uclibc-g++  -V >&5
mipsel-linux-uclibc-g++: `-V' option must have argument
configure:6614: $? = 1
configure:6617: checking whether we are using the GNU C++ compiler
configure:6646: /opt/buildroot-gcc342/bin/mipsel-linux-uclibc-g++  -c -O2 -fomit-frame-pointer -pipe  -Dlinux -D__linux__ -Dunix -DEMBED -I/home/defjovi/projects/RT-N56U/source/lib/include -I/home/defjovi/projects/RT-N56U/source/uClibc++/include -I/home/defjovi/projects/RT-N56U/source    conftest.cpp >&5
configure:6653: $? = 0
configure:6670: result: yes
configure:6679: checking whether /opt/buildroot-gcc342/bin/mipsel-linux-uclibc-g++  accepts -g
configure:6709: /opt/buildroot-gcc342/bin/mipsel-linux-uclibc-g++  -c -g  conftest.cpp >&5
configure:6716: $? = 0
configure:6817: result: yes
configure:6842: checking dependency style of /opt/buildroot-gcc342/bin/mipsel-linux-uclibc-g++ 
configure:6932: result: gcc3
configure:6959: checking how to run the C++ preprocessor
configure:6995: /opt/buildroot-gcc342/bin/mipsel-linux-uclibc-g++  -E  conftest.cpp
configure:7002: $? = 0
configure:7033: /opt/buildroot-gcc342/bin/mipsel-linux-uclibc-g++  -E  conftest.cpp
conftest.cpp:22:28: ac_nonexistent.h: No such file or directory
configure:7040: $? = 1
configure: failed program was:
| /* confdefs.h.  */
| #define PACKAGE_NAME "sqlite"
| #define PACKAGE_TARNAME "sqlite"
| #define PACKAGE_VERSION "3.7.5"
| #define PACKAGE_STRING "sqlite 3.7.5"
| #define PACKAGE_BUGREPORT "http://www.sqlite.org"
| #define PACKAGE "sqlite"
| #define VERSION "3.7.5"
| #define _FILE_OFFSET_BITS 64
| #define STDC_HEADERS 1
| #define HAVE_SYS_TYPES_H 1
| #define HAVE_SYS_STAT_H 1
| #define HAVE_STDLIB_H 1
| #define HAVE_STRING_H 1
| #define HAVE_MEMORY_H 1
| #define HAVE_STRINGS_H 1
| #define HAVE_INTTYPES_H 1
| #define HAVE_STDINT_H 1
| #define HAVE_UNISTD_H 1
| #define HAVE_DLFCN_H 1
| /* end confdefs.h.  */
| #include <ac_nonexistent.h>
configure:7073: result: /opt/buildroot-gcc342/bin/mipsel-linux-uclibc-g++  -E
configure:7102: /opt/buildroot-gcc342/bin/mipsel-linux-uclibc-g++  -E  conftest.cpp
configure:7109: $? = 0
configure:7140: /opt/buildroot-gcc342/bin/mipsel-linux-uclibc-g++  -E  conftest.cpp
conftest.cpp:22:28: ac_nonexistent.h: No such file or directory
configure:7147: $? = 1
configure: failed program was:
| /* confdefs.h.  */
| #define PACKAGE_NAME "sqlite"
| #define PACKAGE_TARNAME "sqlite"
| #define PACKAGE_VERSION "3.7.5"
| #define PACKAGE_STRING "sqlite 3.7.5"
| #define PACKAGE_BUGREPORT "http://www.sqlite.org"
| #define PACKAGE "sqlite"
| #define VERSION "3.7.5"
| #define _FILE_OFFSET_BITS 64
| #define STDC_HEADERS 1
| #define HAVE_SYS_TYPES_H 1
| #define HAVE_SYS_STAT_H 1
| #define HAVE_STDLIB_H 1
| #define HAVE_STRING_H 1
| #define HAVE_MEMORY_H 1
| #define HAVE_STRINGS_H 1
| #define HAVE_INTTYPES_H 1
| #define HAVE_STDINT_H 1
| #define HAVE_UNISTD_H 1
| #define HAVE_DLFCN_H 1
| /* end confdefs.h.  */
| #include <ac_nonexistent.h>
configure:7196: checking for mipsel-linux-g77
configure:7226: result: no
configure:7196: checking for mipsel-linux-xlf
configure:7226: result: no
configure:7196: checking for mipsel-linux-f77
configure:7226: result: no
configure:7196: checking for mipsel-linux-frt
configure:7226: result: no
configure:7196: checking for mipsel-linux-pgf77
configure:7226: result: no
configure:7196: checking for mipsel-linux-cf77
configure:7226: result: no
configure:7196: checking for mipsel-linux-fort77
configure:7226: result: no
configure:7196: checking for mipsel-linux-fl32
configure:7226: result: no
configure:7196: checking for mipsel-linux-af77
configure:7226: result: no
configure:7196: checking for mipsel-linux-xlf90
configure:7226: result: no
configure:7196: checking for mipsel-linux-f90
configure:7226: result: no
configure:7196: checking for mipsel-linux-pgf90
configure:7226: result: no
configure:7196: checking for mipsel-linux-pghpf
configure:7226: result: no
configure:7196: checking for mipsel-linux-epcf90
configure:7226: result: no
configure:7196: checking for mipsel-linux-gfortran
configure:7226: result: no
configure:7196: checking for mipsel-linux-g95
configure:7226: result: no
configure:7196: checking for mipsel-linux-xlf95
configure:7226: result: no
configure:7196: checking for mipsel-linux-f95
configure:7226: result: no
configure:7196: checking for mipsel-linux-fort
configure:7226: result: no
configure:7196: checking for mipsel-linux-ifort
configure:7226: result: no
configure:7196: checking for mipsel-linux-ifc
configure:7226: result: no
configure:7196: checking for mipsel-linux-efc
configure:7226: result: no
configure:7196: checking for mipsel-linux-pgf95
configure:7226: result: no
configure:7196: checking for mipsel-linux-lf95
configure:7226: result: no
configure:7196: checking for mipsel-linux-ftn
configure:7226: result: no
configure:7240: checking for g77
configure:7270: result: no
configure:7240: checking for xlf
configure:7270: result: no
configure:7240: checking for f77
configure:7270: result: no
configure:7240: checking for frt
configure:7270: result: no
configure:7240: checking for pgf77
configure:7270: result: no
configure:7240: checking for cf77
configure:7270: result: no
configure:7240: checking for fort77
configure:7270: result: no
configure:7240: checking for fl32
configure:7270: result: no
configure:7240: checking for af77
configure:7270: result: no
configure:7240: checking for xlf90
configure:7270: result: no
configure:7240: checking for f90
configure:7270: result: no
configure:7240: checking for pgf90
configure:7270: result: no
configure:7240: checking for pghpf
configure:7270: result: no
configure:7240: checking for epcf90
configure:7270: result: no
configure:7240: checking for gfortran
configure:7256: found /usr/bin/gfortran
configure:7267: result: gfortran
configure:7285: WARNING: In the future, Autoconf will not detect cross-tools
whose name does not start with the host triplet.  If you think this
configuration is useful to you, please write to autoconf@gnu.org.
configure:7297: checking for Fortran 77 compiler version
configure:7305: gfortran --version >&5
GNU Fortran (GCC) 4.4.5 20101112 (Red Hat 4.4.5-2)
Copyright (C) 2010 Free Software Foundation, Inc.

GNU Fortran comes with NO WARRANTY, to the extent permitted by law.
You may redistribute copies of GNU Fortran
under the terms of the GNU General Public License.
For more information about these matters, see the file named COPYING

configure:7309: $? = 0
configure:7316: gfortran -v >&5
Using built-in specs.
Target: i686-redhat-linux
Configured with: ../configure --prefix=/usr --mandir=/usr/share/man --infodir=/usr/share/info --with-bugurl=http://bugzilla.redhat.com/bugzilla --enable-bootstrap --enable-shared --enable-threads=posix --enable-checking=release --with-system-zlib --enable-__cxa_atexit --disable-libunwind-exceptions --enable-gnu-unique-object --enable-languages=c,c++,objc,obj-c++,java,fortran,ada --enable-java-awt=gtk --disable-dssi --with-java-home=/usr/lib/jvm/java-1.5.0-gcj-1.5.0.0/jre --enable-libgcj-multifile --enable-java-maintainer-mode --with-ecj-jar=/usr/share/java/eclipse-ecj.jar --disable-libjava-multilib --with-ppl --with-cloog --with-tune=generic --with-arch=i686 --build=i686-redhat-linux
Thread model: posix
gcc version 4.4.5 20101112 (Red Hat 4.4.5-2) (GCC) 
configure:7320: $? = 0
configure:7327: gfortran -V >&5
gfortran: '-V' option must have argument
configure:7331: $? = 1
configure:7339: checking whether we are using the GNU Fortran 77 compiler
configure:7358: gfortran -c  conftest.F >&5
configure:7365: $? = 0
configure:7382: result: yes
configure:7388: checking whether gfortran accepts -g
configure:7405: gfortran -c -g conftest.f >&5
configure:7412: $? = 0
configure:7428: result: yes
configure:7462: checking the maximum length of command line arguments
configure:7571: result: 32768
configure:7582: checking command to parse /opt/buildroot-gdb/bin/mipsel-linux-nm -B output from /opt/buildroot-gcc342/bin/mipsel-linux-uclibc-gcc  object
configure:7687: /opt/buildroot-gcc342/bin/mipsel-linux-uclibc-gcc  -c -O2 -fomit-frame-pointer -pipe  -Dlinux -D__linux__ -Dunix -DEMBED -I/home/defjovi/projects/RT-N56U/source/lib/include -I/home/defjovi/projects/RT-N56U/source/uClibc++/include -I/home/defjovi/projects/RT-N56U/source   conftest.c >&5
configure:7690: $? = 0
configure:7694: /opt/buildroot-gdb/bin/mipsel-linux-nm -B conftest.o \| sed -n -e 's/^.*[ 	]\([ABCDGIRSTW][ABCDGIRSTW]*\)[ 	][ 	]*\([_A-Za-z][_A-Za-z0-9]*\)$/\1 \2 \2/p' \> conftest.nm
configure:7697: $? = 0
configure:7749: /opt/buildroot-gcc342/bin/mipsel-linux-uclibc-gcc  -o conftest -O2 -fomit-frame-pointer -pipe  -Dlinux -D__linux__ -Dunix -DEMBED -I/home/defjovi/projects/RT-N56U/source/lib/include -I/home/defjovi/projects/RT-N56U/source/uClibc++/include -I/home/defjovi/projects/RT-N56U/source   -Wl,--fatal-warnings -L/home/defjovi/projects/RT-N56U/source/lib/lib -L/home/defjovi/projects/RT-N56U/source/uClibc++/src -Wl,--fatal-warnings -L/home/defjovi/projects/RT-N56U/source/lib/lib -L/home/defjovi/projects/RT-N56U/source/uClibc++/src conftest.c conftstm.o >&5
configure:7752: $? = 0
configure:7790: result: ok
configure:7794: checking for objdir
configure:7809: result: .libs
configure:7861: checking for mipsel-linux-ar
configure:7888: result: /opt/buildroot-gcc342/bin/mipsel-linux-uclibc-ar
configure:7957: checking for mipsel-linux-ranlib
configure:7984: result: /opt/buildroot-gcc342/bin/mipsel-linux-uclibc-ranlib
configure:8053: checking for mipsel-linux-strip
configure:8080: result: /opt/buildroot-gcc342/bin/mipsel-linux-uclibc-strip
configure:8406: checking if /opt/buildroot-gcc342/bin/mipsel-linux-uclibc-gcc  supports -fno-rtti -fno-exceptions
configure:8424: /opt/buildroot-gcc342/bin/mipsel-linux-uclibc-gcc  -c -O2 -fomit-frame-pointer -pipe  -Dlinux -D__linux__ -Dunix -DEMBED -I/home/defjovi/projects/RT-N56U/source/lib/include -I/home/defjovi/projects/RT-N56U/source/uClibc++/include -I/home/defjovi/projects/RT-N56U/source   -fno-rtti -fno-exceptions conftest.c >&5
cc1: warning: command line option "-fno-rtti" is valid for C++/ObjC++ but not for C
configure:8428: $? = 0
configure:8441: result: no
configure:8456: checking for /opt/buildroot-gcc342/bin/mipsel-linux-uclibc-gcc  option to produce PIC
configure:8666: result: -fPIC
configure:8674: checking if /opt/buildroot-gcc342/bin/mipsel-linux-uclibc-gcc  PIC flag -fPIC works
configure:8692: /opt/buildroot-gcc342/bin/mipsel-linux-uclibc-gcc  -c -O2 -fomit-frame-pointer -pipe  -Dlinux -D__linux__ -Dunix -DEMBED -I/home/defjovi/projects/RT-N56U/source/lib/include -I/home/defjovi/projects/RT-N56U/source/uClibc++/include -I/home/defjovi/projects/RT-N56U/source   -fPIC -DPIC conftest.c >&5
configure:8696: $? = 0
configure:8709: result: yes
configure:8737: checking if /opt/buildroot-gcc342/bin/mipsel-linux-uclibc-gcc  static flag -static works
configure:8765: result: yes
configure:8775: checking if /opt/buildroot-gcc342/bin/mipsel-linux-uclibc-gcc  supports -c -o file.o
configure:8796: /opt/buildroot-gcc342/bin/mipsel-linux-uclibc-gcc  -c -O2 -fomit-frame-pointer -pipe  -Dlinux -D__linux__ -Dunix -DEMBED -I/home/defjovi/projects/RT-N56U/source/lib/include -I/home/defjovi/projects/RT-N56U/source/uClibc++/include -I/home/defjovi/projects/RT-N56U/source   -o out/conftest2.o conftest.c >&5
configure:8800: $? = 0
configure:8822: result: yes
configure:8848: checking whether the /opt/buildroot-gcc342/bin/mipsel-linux-uclibc-gcc  linker (/opt/buildroot-gcc342/bin/mipsel-linux-uclibc-ld) supports shared libraries
configure:9810: result: yes
configure:9831: checking whether -lc should be explicitly linked in
configure:9836: /opt/buildroot-gcc342/bin/mipsel-linux-uclibc-gcc  -c -O2 -fomit-frame-pointer -pipe  -Dlinux -D__linux__ -Dunix -DEMBED -I/home/defjovi/projects/RT-N56U/source/lib/include -I/home/defjovi/projects/RT-N56U/source/uClibc++/include -I/home/defjovi/projects/RT-N56U/source   conftest.c >&5
configure:9839: $? = 0
configure:9854: /opt/buildroot-gcc342/bin/mipsel-linux-uclibc-gcc  -shared conftest.o  -v -Wl,-soname -Wl,conftest -o conftest 2\>\&1 \| grep  -lc  \>/dev/null 2\>\&1
configure:9857: $? = 0
configure:9869: result: no
configure:9877: checking dynamic linker characteristics
configure:10465: result: GNU/Linux ld.so
configure:10474: checking how to hardcode library paths into programs
configure:10499: result: immediate
configure:10513: checking whether stripping libraries is possible
configure:10518: result: yes
configure:11347: checking if libtool supports shared libraries
configure:11349: result: yes
configure:11352: checking whether to build shared libraries
configure:11373: result: yes
configure:11376: checking whether to build static libraries
configure:11380: result: yes
configure:11472: creating libtool
configure:12060: checking for ld used by /opt/buildroot-gcc342/bin/mipsel-linux-uclibc-g++ 
configure:12127: result: /opt/buildroot-gcc342/bin/mipsel-linux-uclibc-ld
configure:12136: checking if the linker (/opt/buildroot-gcc342/bin/mipsel-linux-uclibc-ld) is GNU ld
configure:12151: result: yes
configure:12202: checking whether the /opt/buildroot-gcc342/bin/mipsel-linux-uclibc-g++  linker (/opt/buildroot-gcc342/bin/mipsel-linux-uclibc-ld) supports shared libraries
configure:13144: result: yes
configure:13162: /opt/buildroot-gcc342/bin/mipsel-linux-uclibc-g++  -c -O2 -fomit-frame-pointer -pipe  -Dlinux -D__linux__ -Dunix -DEMBED -I/home/defjovi/projects/RT-N56U/source/lib/include -I/home/defjovi/projects/RT-N56U/source/uClibc++/include -I/home/defjovi/projects/RT-N56U/source    conftest.cpp >&5
configure:13165: $? = 0
configure:13284: checking for /opt/buildroot-gcc342/bin/mipsel-linux-uclibc-g++  option to produce PIC
configure:13558: result: -fPIC
configure:13566: checking if /opt/buildroot-gcc342/bin/mipsel-linux-uclibc-g++  PIC flag -fPIC works
configure:13584: /opt/buildroot-gcc342/bin/mipsel-linux-uclibc-g++  -c -O2 -fomit-frame-pointer -pipe  -Dlinux -D__linux__ -Dunix -DEMBED -I/home/defjovi/projects/RT-N56U/source/lib/include -I/home/defjovi/projects/RT-N56U/source/uClibc++/include -I/home/defjovi/projects/RT-N56U/source    -fPIC -DPIC conftest.cpp >&5
configure:13588: $? = 0
configure:13601: result: yes
configure:13629: checking if /opt/buildroot-gcc342/bin/mipsel-linux-uclibc-g++  static flag -static works
configure:13657: result: yes
configure:13667: checking if /opt/buildroot-gcc342/bin/mipsel-linux-uclibc-g++  supports -c -o file.o
configure:13688: /opt/buildroot-gcc342/bin/mipsel-linux-uclibc-g++  -c -O2 -fomit-frame-pointer -pipe  -Dlinux -D__linux__ -Dunix -DEMBED -I/home/defjovi/projects/RT-N56U/source/lib/include -I/home/defjovi/projects/RT-N56U/source/uClibc++/include -I/home/defjovi/projects/RT-N56U/source    -o out/conftest2.o conftest.cpp >&5
configure:13692: $? = 0
configure:13714: result: yes
configure:13740: checking whether the /opt/buildroot-gcc342/bin/mipsel-linux-uclibc-g++  linker (/opt/buildroot-gcc342/bin/mipsel-linux-uclibc-ld) supports shared libraries
configure:13765: result: yes
configure:13832: checking dynamic linker characteristics
configure:14420: result: GNU/Linux ld.so
configure:14429: checking how to hardcode library paths into programs
configure:14454: result: immediate
configure:14980: checking if libtool supports shared libraries
configure:14982: result: yes
configure:14985: checking whether to build shared libraries
configure:15005: result: yes
configure:15008: checking whether to build static libraries
configure:15012: result: yes
configure:15022: checking for gfortran option to produce PIC
configure:15232: result: -fPIC
configure:15240: checking if gfortran PIC flag -fPIC works
configure:15258: gfortran -c -g -O2 -fPIC conftest.f >&5
configure:15262: $? = 0
configure:15275: result: yes
configure:15303: checking if gfortran static flag -static works
configure:15331: result: no
configure:15341: checking if gfortran supports -c -o file.o
configure:15362: gfortran -c -g -O2 -o out/conftest2.o conftest.f >&5
configure:15366: $? = 0
configure:15388: result: yes
configure:15414: checking whether the gfortran linker (/opt/buildroot-gcc342/bin/mipsel-linux-uclibc-ld) supports shared libraries
configure:16356: result: yes
configure:16423: checking dynamic linker characteristics
configure:17011: result: GNU/Linux ld.so
configure:17020: checking how to hardcode library paths into programs
configure:17045: result: immediate
configure:20620: checking for fdatasync
configure:20676: /opt/buildroot-gcc342/bin/mipsel-linux-uclibc-gcc  -o conftest -O2 -fomit-frame-pointer -pipe  -Dlinux -D__linux__ -Dunix -DEMBED -I/home/defjovi/projects/RT-N56U/source/lib/include -I/home/defjovi/projects/RT-N56U/source/uClibc++/include -I/home/defjovi/projects/RT-N56U/source   -Wl,--fatal-warnings -L/home/defjovi/projects/RT-N56U/source/lib/lib -L/home/defjovi/projects/RT-N56U/source/uClibc++/src -Wl,--fatal-warnings -L/home/defjovi/projects/RT-N56U/source/lib/lib -L/home/defjovi/projects/RT-N56U/source/uClibc++/src conftest.c  >&5
configure:20683: $? = 0
configure:20705: result: yes
configure:20620: checking for usleep
configure:20676: /opt/buildroot-gcc342/bin/mipsel-linux-uclibc-gcc  -o conftest -O2 -fomit-frame-pointer -pipe  -Dlinux -D__linux__ -Dunix -DEMBED -I/home/defjovi/projects/RT-N56U/source/lib/include -I/home/defjovi/projects/RT-N56U/source/uClibc++/include -I/home/defjovi/projects/RT-N56U/source   -Wl,--fatal-warnings -L/home/defjovi/projects/RT-N56U/source/lib/lib -L/home/defjovi/projects/RT-N56U/source/uClibc++/src -Wl,--fatal-warnings -L/home/defjovi/projects/RT-N56U/source/lib/lib -L/home/defjovi/projects/RT-N56U/source/uClibc++/src conftest.c  >&5
configure:20683: $? = 0
configure:20705: result: yes
configure:20620: checking for fullfsync
configure:20676: /opt/buildroot-gcc342/bin/mipsel-linux-uclibc-gcc  -o conftest -O2 -fomit-frame-pointer -pipe  -Dlinux -D__linux__ -Dunix -DEMBED -I/home/defjovi/projects/RT-N56U/source/lib/include -I/home/defjovi/projects/RT-N56U/source/uClibc++/include -I/home/defjovi/projects/RT-N56U/source   -Wl,--fatal-warnings -L/home/defjovi/projects/RT-N56U/source/lib/lib -L/home/defjovi/projects/RT-N56U/source/uClibc++/src -Wl,--fatal-warnings -L/home/defjovi/projects/RT-N56U/source/lib/lib -L/home/defjovi/projects/RT-N56U/source/uClibc++/src conftest.c  >&5
/tmp/ccwgCwa9.o: In function `main':conftest.c:(.text+0x18): undefined reference to `fullfsync'
collect2: ld returned 1 exit status
configure:20683: $? = 1
configure: failed program was:
| /* confdefs.h.  */
| #define PACKAGE_NAME "sqlite"
| #define PACKAGE_TARNAME "sqlite"
| #define PACKAGE_VERSION "3.7.5"
| #define PACKAGE_STRING "sqlite 3.7.5"
| #define PACKAGE_BUGREPORT "http://www.sqlite.org"
| #define PACKAGE "sqlite"
| #define VERSION "3.7.5"
| #define _FILE_OFFSET_BITS 64
| #define STDC_HEADERS 1
| #define HAVE_SYS_TYPES_H 1
| #define HAVE_SYS_STAT_H 1
| #define HAVE_STDLIB_H 1
| #define HAVE_STRING_H 1
| #define HAVE_MEMORY_H 1
| #define HAVE_STRINGS_H 1
| #define HAVE_INTTYPES_H 1
| #define HAVE_STDINT_H 1
| #define HAVE_UNISTD_H 1
| #define HAVE_DLFCN_H 1
| #define HAVE_FDATASYNC 1
| #define HAVE_USLEEP 1
| /* end confdefs.h.  */
| /* Define fullfsync to an innocuous variant, in case <limits.h> declares fullfsync.
|    For example, HP-UX 11i <limits.h> declares gettimeofday.  */
| #define fullfsync innocuous_fullfsync
| 
| /* System header to define __stub macros and hopefully few prototypes,
|     which can conflict with char fullfsync (); below.
|     Prefer <limits.h> to <assert.h> if __STDC__ is defined, since
|     <limits.h> exists even on freestanding compilers.  */
| 
| #ifdef __STDC__
| # include <limits.h>
| #else
| # include <assert.h>
| #endif
| 
| #undef fullfsync
| 
| /* Override any GCC internal prototype to avoid an error.
|    Use char because int might match the return type of a GCC
|    builtin and then its argument prototype would still apply.  */
| #ifdef __cplusplus
| extern "C"
| #endif
| char fullfsync ();
| /* The GNU C library defines this for functions which it implements
|     to always fail with ENOSYS.  Some functions are actually named
|     something starting with __ and the normal name is an alias.  */
| #if defined __stub_fullfsync || defined __stub___fullfsync
| choke me
| #endif
| 
| int
| main ()
| {
| return fullfsync ();
|   ;
|   return 0;
| }
configure:20705: result: no
configure:20620: checking for localtime_r
configure:20676: /opt/buildroot-gcc342/bin/mipsel-linux-uclibc-gcc  -o conftest -O2 -fomit-frame-pointer -pipe  -Dlinux -D__linux__ -Dunix -DEMBED -I/home/defjovi/projects/RT-N56U/source/lib/include -I/home/defjovi/projects/RT-N56U/source/uClibc++/include -I/home/defjovi/projects/RT-N56U/source   -Wl,--fatal-warnings -L/home/defjovi/projects/RT-N56U/source/lib/lib -L/home/defjovi/projects/RT-N56U/source/uClibc++/src -Wl,--fatal-warnings -L/home/defjovi/projects/RT-N56U/source/lib/lib -L/home/defjovi/projects/RT-N56U/source/uClibc++/src conftest.c  >&5
configure:20683: $? = 0
configure:20705: result: yes
configure:20620: checking for gmtime_r
configure:20676: /opt/buildroot-gcc342/bin/mipsel-linux-uclibc-gcc  -o conftest -O2 -fomit-frame-pointer -pipe  -Dlinux -D__linux__ -Dunix -DEMBED -I/home/defjovi/projects/RT-N56U/source/lib/include -I/home/defjovi/projects/RT-N56U/source/uClibc++/include -I/home/defjovi/projects/RT-N56U/source   -Wl,--fatal-warnings -L/home/defjovi/projects/RT-N56U/source/lib/lib -L/home/defjovi/projects/RT-N56U/source/uClibc++/src -Wl,--fatal-warnings -L/home/defjovi/projects/RT-N56U/source/lib/lib -L/home/defjovi/projects/RT-N56U/source/uClibc++/src conftest.c  >&5
configure:20683: $? = 0
configure:20705: result: yes
configure:20734: checking for library containing tgetent
configure:20775: /opt/buildroot-gcc342/bin/mipsel-linux-uclibc-gcc  -o conftest -O2 -fomit-frame-pointer -pipe  -Dlinux -D__linux__ -Dunix -DEMBED -I/home/defjovi/projects/RT-N56U/source/lib/include -I/home/defjovi/projects/RT-N56U/source/uClibc++/include -I/home/defjovi/projects/RT-N56U/source   -Wl,--fatal-warnings -L/home/defjovi/projects/RT-N56U/source/lib/lib -L/home/defjovi/projects/RT-N56U/source/uClibc++/src -Wl,--fatal-warnings -L/home/defjovi/projects/RT-N56U/source/lib/lib -L/home/defjovi/projects/RT-N56U/source/uClibc++/src conftest.c  >&5
/tmp/cchFzQYw.o: In function `main':conftest.c:(.text+0x18): undefined reference to `tgetent'
collect2: ld returned 1 exit status
configure:20782: $? = 1
configure: failed program was:
| /* confdefs.h.  */
| #define PACKAGE_NAME "sqlite"
| #define PACKAGE_TARNAME "sqlite"
| #define PACKAGE_VERSION "3.7.5"
| #define PACKAGE_STRING "sqlite 3.7.5"
| #define PACKAGE_BUGREPORT "http://www.sqlite.org"
| #define PACKAGE "sqlite"
| #define VERSION "3.7.5"
| #define _FILE_OFFSET_BITS 64
| #define STDC_HEADERS 1
| #define HAVE_SYS_TYPES_H 1
| #define HAVE_SYS_STAT_H 1
| #define HAVE_STDLIB_H 1
| #define HAVE_STRING_H 1
| #define HAVE_MEMORY_H 1
| #define HAVE_STRINGS_H 1
| #define HAVE_INTTYPES_H 1
| #define HAVE_STDINT_H 1
| #define HAVE_UNISTD_H 1
| #define HAVE_DLFCN_H 1
| #define HAVE_FDATASYNC 1
| #define HAVE_USLEEP 1
| #define HAVE_LOCALTIME_R 1
| #define HAVE_GMTIME_R 1
| /* end confdefs.h.  */
| 
| /* Override any GCC internal prototype to avoid an error.
|    Use char because int might match the return type of a GCC
|    builtin and then its argument prototype would still apply.  */
| #ifdef __cplusplus
| extern "C"
| #endif
| char tgetent ();
| int
| main ()
| {
| return tgetent ();
|   ;
|   return 0;
| }
configure:20775: /opt/buildroot-gcc342/bin/mipsel-linux-uclibc-gcc  -o conftest -O2 -fomit-frame-pointer -pipe  -Dlinux -D__linux__ -Dunix -DEMBED -I/home/defjovi/projects/RT-N56U/source/lib/include -I/home/defjovi/projects/RT-N56U/source/uClibc++/include -I/home/defjovi/projects/RT-N56U/source   -Wl,--fatal-warnings -L/home/defjovi/projects/RT-N56U/source/lib/lib -L/home/defjovi/projects/RT-N56U/source/uClibc++/src -Wl,--fatal-warnings -L/home/defjovi/projects/RT-N56U/source/lib/lib -L/home/defjovi/projects/RT-N56U/source/uClibc++/src conftest.c -lcurses   >&5
configure:20782: $? = 0
configure:20813: result: -lcurses
configure:20821: checking for library containing readline
configure:20862: /opt/buildroot-gcc342/bin/mipsel-linux-uclibc-gcc  -o conftest -O2 -fomit-frame-pointer -pipe  -Dlinux -D__linux__ -Dunix -DEMBED -I/home/defjovi/projects/RT-N56U/source/lib/include -I/home/defjovi/projects/RT-N56U/source/uClibc++/include -I/home/defjovi/projects/RT-N56U/source   -Wl,--fatal-warnings -L/home/defjovi/projects/RT-N56U/source/lib/lib -L/home/defjovi/projects/RT-N56U/source/uClibc++/src -Wl,--fatal-warnings -L/home/defjovi/projects/RT-N56U/source/lib/lib -L/home/defjovi/projects/RT-N56U/source/uClibc++/src conftest.c -lcurses  >&5
/tmp/ccuLcNkJ.o: In function `main':conftest.c:(.text+0x18): undefined reference to `readline'
collect2: ld returned 1 exit status
configure:20869: $? = 1
configure: failed program was:
| /* confdefs.h.  */
| #define PACKAGE_NAME "sqlite"
| #define PACKAGE_TARNAME "sqlite"
| #define PACKAGE_VERSION "3.7.5"
| #define PACKAGE_STRING "sqlite 3.7.5"
| #define PACKAGE_BUGREPORT "http://www.sqlite.org"
| #define PACKAGE "sqlite"
| #define VERSION "3.7.5"
| #define _FILE_OFFSET_BITS 64
| #define STDC_HEADERS 1
| #define HAVE_SYS_TYPES_H 1
| #define HAVE_SYS_STAT_H 1
| #define HAVE_STDLIB_H 1
| #define HAVE_STRING_H 1
| #define HAVE_MEMORY_H 1
| #define HAVE_STRINGS_H 1
| #define HAVE_INTTYPES_H 1
| #define HAVE_STDINT_H 1
| #define HAVE_UNISTD_H 1
| #define HAVE_DLFCN_H 1
| #define HAVE_FDATASYNC 1
| #define HAVE_USLEEP 1
| #define HAVE_LOCALTIME_R 1
| #define HAVE_GMTIME_R 1
| /* end confdefs.h.  */
| 
| /* Override any GCC internal prototype to avoid an error.
|    Use char because int might match the return type of a GCC
|    builtin and then its argument prototype would still apply.  */
| #ifdef __cplusplus
| extern "C"
| #endif
| char readline ();
| int
| main ()
| {
| return readline ();
|   ;
|   return 0;
| }
configure:20862: /opt/buildroot-gcc342/bin/mipsel-linux-uclibc-gcc  -o conftest -O2 -fomit-frame-pointer -pipe  -Dlinux -D__linux__ -Dunix -DEMBED -I/home/defjovi/projects/RT-N56U/source/lib/include -I/home/defjovi/projects/RT-N56U/source/uClibc++/include -I/home/defjovi/projects/RT-N56U/source   -Wl,--fatal-warnings -L/home/defjovi/projects/RT-N56U/source/lib/lib -L/home/defjovi/projects/RT-N56U/source/uClibc++/src -Wl,--fatal-warnings -L/home/defjovi/projects/RT-N56U/source/lib/lib -L/home/defjovi/projects/RT-N56U/source/uClibc++/src conftest.c -lreadline  -lcurses  >&5
/opt/buildroot-gcc342/bin/../lib/gcc/mipsel-linux-uclibc/3.4.2/../../../../mipsel-linux-uclibc/bin/ld: cannot find -lreadline
collect2: ld returned 1 exit status
configure:20869: $? = 1
configure: failed program was:
| /* confdefs.h.  */
| #define PACKAGE_NAME "sqlite"
| #define PACKAGE_TARNAME "sqlite"
| #define PACKAGE_VERSION "3.7.5"
| #define PACKAGE_STRING "sqlite 3.7.5"
| #define PACKAGE_BUGREPORT "http://www.sqlite.org"
| #define PACKAGE "sqlite"
| #define VERSION "3.7.5"
| #define _FILE_OFFSET_BITS 64
| #define STDC_HEADERS 1
| #define HAVE_SYS_TYPES_H 1
| #define HAVE_SYS_STAT_H 1
| #define HAVE_STDLIB_H 1
| #define HAVE_STRING_H 1
| #define HAVE_MEMORY_H 1
| #define HAVE_STRINGS_H 1
| #define HAVE_INTTYPES_H 1
| #define HAVE_STDINT_H 1
| #define HAVE_UNISTD_H 1
| #define HAVE_DLFCN_H 1
| #define HAVE_FDATASYNC 1
| #define HAVE_USLEEP 1
| #define HAVE_LOCALTIME_R 1
| #define HAVE_GMTIME_R 1
| /* end confdefs.h.  */
| 
| /* Override any GCC internal prototype to avoid an error.
|    Use char because int might match the return type of a GCC
|    builtin and then its argument prototype would still apply.  */
| #ifdef __cplusplus
| extern "C"
| #endif
| char readline ();
| int
| main ()
| {
| return readline ();
|   ;
|   return 0;
| }
configure:20900: result: no
configure:20914: checking for readline
configure:20970: /opt/buildroot-gcc342/bin/mipsel-linux-uclibc-gcc  -o conftest -O2 -fomit-frame-pointer -pipe  -Dlinux -D__linux__ -Dunix -DEMBED -I/home/defjovi/projects/RT-N56U/source/lib/include -I/home/defjovi/projects/RT-N56U/source/uClibc++/include -I/home/defjovi/projects/RT-N56U/source   -Wl,--fatal-warnings -L/home/defjovi/projects/RT-N56U/source/lib/lib -L/home/defjovi/projects/RT-N56U/source/uClibc++/src -Wl,--fatal-warnings -L/home/defjovi/projects/RT-N56U/source/lib/lib -L/home/defjovi/projects/RT-N56U/source/uClibc++/src conftest.c -lcurses  >&5
/tmp/ccKec6P1.o: In function `main':conftest.c:(.text+0x18): undefined reference to `readline'
collect2: ld returned 1 exit status
configure:20977: $? = 1
configure: failed program was:
| /* confdefs.h.  */
| #define PACKAGE_NAME "sqlite"
| #define PACKAGE_TARNAME "sqlite"
| #define PACKAGE_VERSION "3.7.5"
| #define PACKAGE_STRING "sqlite 3.7.5"
| #define PACKAGE_BUGREPORT "http://www.sqlite.org"
| #define PACKAGE "sqlite"
| #define VERSION "3.7.5"
| #define _FILE_OFFSET_BITS 64
| #define STDC_HEADERS 1
| #define HAVE_SYS_TYPES_H 1
| #define HAVE_SYS_STAT_H 1
| #define HAVE_STDLIB_H 1
| #define HAVE_STRING_H 1
| #define HAVE_MEMORY_H 1
| #define HAVE_STRINGS_H 1
| #define HAVE_INTTYPES_H 1
| #define HAVE_STDINT_H 1
| #define HAVE_UNISTD_H 1
| #define HAVE_DLFCN_H 1
| #define HAVE_FDATASYNC 1
| #define HAVE_USLEEP 1
| #define HAVE_LOCALTIME_R 1
| #define HAVE_GMTIME_R 1
| /* end confdefs.h.  */
| /* Define readline to an innocuous variant, in case <limits.h> declares readline.
|    For example, HP-UX 11i <limits.h> declares gettimeofday.  */
| #define readline innocuous_readline
| 
| /* System header to define __stub macros and hopefully few prototypes,
|     which can conflict with char readline (); below.
|     Prefer <limits.h> to <assert.h> if __STDC__ is defined, since
|     <limits.h> exists even on freestanding compilers.  */
| 
| #ifdef __STDC__
| # include <limits.h>
| #else
| # include <assert.h>
| #endif
| 
| #undef readline
| 
| /* Override any GCC internal prototype to avoid an error.
|    Use char because int might match the return type of a GCC
|    builtin and then its argument prototype would still apply.  */
| #ifdef __cplusplus
| extern "C"
| #endif
| char readline ();
| /* The GNU C library defines this for functions which it implements
|     to always fail with ENOSYS.  Some functions are actually named
|     something starting with __ and the normal name is an alias.  */
| #if defined __stub_readline || defined __stub___readline
| choke me
| #endif
| 
| int
| main ()
| {
| return readline ();
|   ;
|   return 0;
| }
configure:20999: result: no
configure:21029: checking for library containing pthread_create
configure:21070: /opt/buildroot-gcc342/bin/mipsel-linux-uclibc-gcc  -o conftest -O2 -fomit-frame-pointer -pipe  -Dlinux -D__linux__ -Dunix -DEMBED -I/home/defjovi/projects/RT-N56U/source/lib/include -I/home/defjovi/projects/RT-N56U/source/uClibc++/include -I/home/defjovi/projects/RT-N56U/source   -Wl,--fatal-warnings -L/home/defjovi/projects/RT-N56U/source/lib/lib -L/home/defjovi/projects/RT-N56U/source/uClibc++/src -Wl,--fatal-warnings -L/home/defjovi/projects/RT-N56U/source/lib/lib -L/home/defjovi/projects/RT-N56U/source/uClibc++/src conftest.c  >&5
/tmp/ccgDDI6a.o: In function `main':conftest.c:(.text+0x18): undefined reference to `pthread_create'
collect2: ld returned 1 exit status
configure:21077: $? = 1
configure: failed program was:
| /* confdefs.h.  */
| #define PACKAGE_NAME "sqlite"
| #define PACKAGE_TARNAME "sqlite"
| #define PACKAGE_VERSION "3.7.5"
| #define PACKAGE_STRING "sqlite 3.7.5"
| #define PACKAGE_BUGREPORT "http://www.sqlite.org"
| #define PACKAGE "sqlite"
| #define VERSION "3.7.5"
| #define _FILE_OFFSET_BITS 64
| #define STDC_HEADERS 1
| #define HAVE_SYS_TYPES_H 1
| #define HAVE_SYS_STAT_H 1
| #define HAVE_STDLIB_H 1
| #define HAVE_STRING_H 1
| #define HAVE_MEMORY_H 1
| #define HAVE_STRINGS_H 1
| #define HAVE_INTTYPES_H 1
| #define HAVE_STDINT_H 1
| #define HAVE_UNISTD_H 1
| #define HAVE_DLFCN_H 1
| #define HAVE_FDATASYNC 1
| #define HAVE_USLEEP 1
| #define HAVE_LOCALTIME_R 1
| #define HAVE_GMTIME_R 1
| /* end confdefs.h.  */
| 
| /* Override any GCC internal prototype to avoid an error.
|    Use char because int might match the return type of a GCC
|    builtin and then its argument prototype would still apply.  */
| #ifdef __cplusplus
| extern "C"
| #endif
| char pthread_create ();
| int
| main ()
| {
| return pthread_create ();
|   ;
|   return 0;
| }
configure:21070: /opt/buildroot-gcc342/bin/mipsel-linux-uclibc-gcc  -o conftest -O2 -fomit-frame-pointer -pipe  -Dlinux -D__linux__ -Dunix -DEMBED -I/home/defjovi/projects/RT-N56U/source/lib/include -I/home/defjovi/projects/RT-N56U/source/uClibc++/include -I/home/defjovi/projects/RT-N56U/source   -Wl,--fatal-warnings -L/home/defjovi/projects/RT-N56U/source/lib/lib -L/home/defjovi/projects/RT-N56U/source/uClibc++/src -Wl,--fatal-warnings -L/home/defjovi/projects/RT-N56U/source/lib/lib -L/home/defjovi/projects/RT-N56U/source/uClibc++/src conftest.c -lpthread   >&5
configure:21077: $? = 0
configure:21108: result: -lpthread
configure:21131: checking for library containing dlopen
configure:21172: /opt/buildroot-gcc342/bin/mipsel-linux-uclibc-gcc  -o conftest -O2 -fomit-frame-pointer -pipe  -Dlinux -D__linux__ -Dunix -DEMBED -I/home/defjovi/projects/RT-N56U/source/lib/include -I/home/defjovi/projects/RT-N56U/source/uClibc++/include -I/home/defjovi/projects/RT-N56U/source   -Wl,--fatal-warnings -L/home/defjovi/projects/RT-N56U/source/lib/lib -L/home/defjovi/projects/RT-N56U/source/uClibc++/src -Wl,--fatal-warnings -L/home/defjovi/projects/RT-N56U/source/lib/lib -L/home/defjovi/projects/RT-N56U/source/uClibc++/src conftest.c -lpthread  >&5
/tmp/cc4aubfd.o: In function `main':conftest.c:(.text+0x18): undefined reference to `dlopen'
collect2: ld returned 1 exit status
configure:21179: $? = 1
configure: failed program was:
| /* confdefs.h.  */
| #define PACKAGE_NAME "sqlite"
| #define PACKAGE_TARNAME "sqlite"
| #define PACKAGE_VERSION "3.7.5"
| #define PACKAGE_STRING "sqlite 3.7.5"
| #define PACKAGE_BUGREPORT "http://www.sqlite.org"
| #define PACKAGE "sqlite"
| #define VERSION "3.7.5"
| #define _FILE_OFFSET_BITS 64
| #define STDC_HEADERS 1
| #define HAVE_SYS_TYPES_H 1
| #define HAVE_SYS_STAT_H 1
| #define HAVE_STDLIB_H 1
| #define HAVE_STRING_H 1
| #define HAVE_MEMORY_H 1
| #define HAVE_STRINGS_H 1
| #define HAVE_INTTYPES_H 1
| #define HAVE_STDINT_H 1
| #define HAVE_UNISTD_H 1
| #define HAVE_DLFCN_H 1
| #define HAVE_FDATASYNC 1
| #define HAVE_USLEEP 1
| #define HAVE_LOCALTIME_R 1
| #define HAVE_GMTIME_R 1
| /* end confdefs.h.  */
| 
| /* Override any GCC internal prototype to avoid an error.
|    Use char because int might match the return type of a GCC
|    builtin and then its argument prototype would still apply.  */
| #ifdef __cplusplus
| extern "C"
| #endif
| char dlopen ();
| int
| main ()
| {
| return dlopen ();
|   ;
|   return 0;
| }
configure:21172: /opt/buildroot-gcc342/bin/mipsel-linux-uclibc-gcc  -o conftest -O2 -fomit-frame-pointer -pipe  -Dlinux -D__linux__ -Dunix -DEMBED -I/home/defjovi/projects/RT-N56U/source/lib/include -I/home/defjovi/projects/RT-N56U/source/uClibc++/include -I/home/defjovi/projects/RT-N56U/source   -Wl,--fatal-warnings -L/home/defjovi/projects/RT-N56U/source/lib/lib -L/home/defjovi/projects/RT-N56U/source/uClibc++/src -Wl,--fatal-warnings -L/home/defjovi/projects/RT-N56U/source/lib/lib -L/home/defjovi/projects/RT-N56U/source/uClibc++/src conftest.c -ldl  -lpthread  >&5
configure:21179: $? = 0
configure:21210: result: -ldl
configure:21221: checking for whether to support dynamic extensions
configure:21223: result: yes
configure:21419: creating ./config.status

## ---------------------- ##
## Running config.status. ##
## ---------------------- ##

This file was extended by sqlite config.status 3.7.5, which was
generated by GNU Autoconf 2.62.  Invocation command line was

  CONFIG_FILES    = 
  CONFIG_HEADERS  = 
  CONFIG_LINKS    = 
  CONFIG_COMMANDS = 
  $ ./config.status 

on F13

config.status:719: creating Makefile
config.status:719: creating sqlite3.pc
config.status:924: executing depfiles commands

## ---------------- ##
## Cache variables. ##
## ---------------- ##

ac_cv_build=i686-pc-linux-gnu
ac_cv_c_compiler_gnu=yes
ac_cv_cxx_compiler_gnu=yes
ac_cv_env_CCC_set=
ac_cv_env_CCC_value=
ac_cv_env_CC_set=set
ac_cv_env_CC_value='/opt/buildroot-gcc342/bin/mipsel-linux-uclibc-gcc '
ac_cv_env_CFLAGS_set=set
ac_cv_env_CFLAGS_value='-O2 -fomit-frame-pointer -pipe  -Dlinux -D__linux__ -Dunix -DEMBED -I/home/defjovi/projects/RT-N56U/source/lib/include -I/home/defjovi/projects/RT-N56U/source/uClibc++/include -I/home/defjovi/projects/RT-N56U/source '
ac_cv_env_CPPFLAGS_set=
ac_cv_env_CPPFLAGS_value=
ac_cv_env_CPP_set=
ac_cv_env_CPP_value=
ac_cv_env_CXXCPP_set=
ac_cv_env_CXXCPP_value=
ac_cv_env_CXXFLAGS_set=set
ac_cv_env_CXXFLAGS_value='-O2 -fomit-frame-pointer -pipe  -Dlinux -D__linux__ -Dunix -DEMBED -I/home/defjovi/projects/RT-N56U/source/lib/include -I/home/defjovi/projects/RT-N56U/source/uClibc++/include -I/home/defjovi/projects/RT-N56U/source  '
ac_cv_env_CXX_set=set
ac_cv_env_CXX_value='/opt/buildroot-gcc342/bin/mipsel-linux-uclibc-g++ '
ac_cv_env_F77_set=
ac_cv_env_F77_value=
ac_cv_env_FFLAGS_set=
ac_cv_env_FFLAGS_value=
ac_cv_env_LDFLAGS_set=set
ac_cv_env_LDFLAGS_value='-Wl,--fatal-warnings -L/home/defjovi/projects/RT-N56U/source/lib/lib -L/home/defjovi/projects/RT-N56U/source/uClibc++/src -Wl,--fatal-warnings -L/home/defjovi/projects/RT-N56U/source/lib/lib -L/home/defjovi/projects/RT-N56U/source/uClibc++/src'
ac_cv_env_LIBS_set=
ac_cv_env_LIBS_value=
ac_cv_env_build_alias_set=
ac_cv_env_build_alias_value=
ac_cv_env_host_alias_set=set
ac_cv_env_host_alias_value=mipsel-linux
ac_cv_env_target_alias_set=
ac_cv_env_target_alias_value=
ac_cv_f77_compiler_gnu=yes
ac_cv_func_fdatasync=yes
ac_cv_func_fullfsync=no
ac_cv_func_gmtime_r=yes
ac_cv_func_localtime_r=yes
ac_cv_func_readline=no
ac_cv_func_usleep=yes
ac_cv_header_dlfcn_h=yes
ac_cv_header_inttypes_h=yes
ac_cv_header_memory_h=yes
ac_cv_header_stdc=yes
ac_cv_header_stdint_h=yes
ac_cv_header_stdlib_h=yes
ac_cv_header_string_h=yes
ac_cv_header_strings_h=yes
ac_cv_header_sys_stat_h=yes
ac_cv_header_sys_types_h=yes
ac_cv_header_unistd_h=yes
ac_cv_host=mipsel-unknown-linux-gnu
ac_cv_objext=o
ac_cv_path_EGREP='/bin/grep -E'
ac_cv_path_GREP=/bin/grep
ac_cv_path_install='/usr/bin/install -c'
ac_cv_prog_AR=/opt/buildroot-gcc342/bin/mipsel-linux-uclibc-ar
ac_cv_prog_AWK=gawk
ac_cv_prog_CC='/opt/buildroot-gcc342/bin/mipsel-linux-uclibc-gcc '
ac_cv_prog_CPP='/opt/buildroot-gcc342/bin/mipsel-linux-uclibc-gcc  -E'
ac_cv_prog_CXXCPP='/opt/buildroot-gcc342/bin/mipsel-linux-uclibc-g++  -E'
ac_cv_prog_RANLIB=/opt/buildroot-gcc342/bin/mipsel-linux-uclibc-ranlib
ac_cv_prog_STRIP=/opt/buildroot-gcc342/bin/mipsel-linux-uclibc-strip
ac_cv_prog_ac_ct_F77=gfortran
ac_cv_prog_cc_c89=
ac_cv_prog_cc_g=yes
ac_cv_prog_cxx_g=yes
ac_cv_prog_f77_g=yes
ac_cv_prog_make_make_set=yes
ac_cv_search_dlopen=-ldl
ac_cv_search_pthread_create=-lpthread
ac_cv_search_readline=no
ac_cv_search_tgetent=-lcurses
ac_cv_sys_file_offset_bits=64
ac_cv_sys_largefile_CC=no
am_cv_CC_dependencies_compiler_type=gcc3
am_cv_CXX_dependencies_compiler_type=gcc3
lt_cv_deplibs_check_method=pass_all
lt_cv_file_magic_cmd='$MAGIC_CMD'
lt_cv_file_magic_test_file=
lt_cv_ld_reload_flag=-r
lt_cv_objdir=.libs
lt_cv_path_LD=/opt/buildroot-gcc342/bin/mipsel-linux-uclibc-ld
lt_cv_path_LDCXX=/opt/buildroot-gcc342/bin/mipsel-linux-uclibc-ld
lt_cv_path_NM='/opt/buildroot-gdb/bin/mipsel-linux-nm -B'
lt_cv_path_SED=/bin/sed
lt_cv_prog_compiler_c_o=yes
lt_cv_prog_compiler_c_o_CXX=yes
lt_cv_prog_compiler_c_o_F77=yes
lt_cv_prog_compiler_rtti_exceptions=no
lt_cv_prog_gnu_ld=yes
lt_cv_prog_gnu_ldcxx=yes
lt_cv_sys_global_symbol_pipe='sed -n -e '\''s/^.*[ 	]\([ABCDGIRSTW][ABCDGIRSTW]*\)[ 	][ 	]*\([_A-Za-z][_A-Za-z0-9]*\)$/\1 \2 \2/p'\'''
lt_cv_sys_global_symbol_to_c_name_address='sed -n -e '\''s/^: \([^ ]*\) $/  {\"\1\", (lt_ptr) 0},/p'\'' -e '\''s/^[BCDEGRST] \([^ ]*\) \([^ ]*\)$/  {"\2", (lt_ptr) \&\2},/p'\'''
lt_cv_sys_global_symbol_to_cdecl='sed -n -e '\''s/^. .* \(.*\)$/extern int \1;/p'\'''
lt_cv_sys_max_cmd_len=32768
lt_lt_cv_prog_compiler_c_o='"yes"'
lt_lt_cv_prog_compiler_c_o_CXX='"yes"'
lt_lt_cv_prog_compiler_c_o_F77='"yes"'
lt_lt_cv_sys_global_symbol_pipe='"sed -n -e '\''s/^.*[ 	]\\([ABCDGIRSTW][ABCDGIRSTW]*\\)[ 	][ 	]*\\([_A-Za-z][_A-Za-z0-9]*\\)\$/\\1 \\2 \\2/p'\''"'
lt_lt_cv_sys_global_symbol_to_c_name_address='"sed -n -e '\''s/^: \\([^ ]*\\) \$/  {\\\"\\1\\\", (lt_ptr) 0},/p'\'' -e '\''s/^[BCDEGRST] \\([^ ]*\\) \\([^ ]*\\)\$/  {\"\\2\", (lt_ptr) \\&\\2},/p'\''"'
lt_lt_cv_sys_global_symbol_to_cdecl='"sed -n -e '\''s/^. .* \\(.*\\)\$/extern int \\1;/p'\''"'

## ----------------- ##
## Output variables. ##
## ----------------- ##

ACLOCAL='${SHELL} /home/defjovi/projects/RT-N56U/source/user/sqlite-autoconf-3070500/source/missing --run aclocal-1.9'
AMDEPBACKSLASH='\'
AMDEP_FALSE='#'
AMDEP_TRUE=''
AMTAR='${SHELL} /home/defjovi/projects/RT-N56U/source/user/sqlite-autoconf-3070500/source/missing --run tar'
AR='/opt/buildroot-gcc342/bin/mipsel-linux-uclibc-ar'
AUTOCONF='${SHELL} /home/defjovi/projects/RT-N56U/source/user/sqlite-autoconf-3070500/source/missing --run autoconf'
AUTOHEADER='${SHELL} /home/defjovi/projects/RT-N56U/source/user/sqlite-autoconf-3070500/source/missing --run autoheader'
AUTOMAKE='${SHELL} /home/defjovi/projects/RT-N56U/source/user/sqlite-autoconf-3070500/source/missing --run automake-1.9'
AWK='gawk'
BUILD_CFLAGS=''
CC='/opt/buildroot-gcc342/bin/mipsel-linux-uclibc-gcc '
CCDEPMODE='depmode=gcc3'
CFLAGS='-O2 -fomit-frame-pointer -pipe  -Dlinux -D__linux__ -Dunix -DEMBED -I/home/defjovi/projects/RT-N56U/source/lib/include -I/home/defjovi/projects/RT-N56U/source/uClibc++/include -I/home/defjovi/projects/RT-N56U/source '
CPP='/opt/buildroot-gcc342/bin/mipsel-linux-uclibc-gcc  -E'
CPPFLAGS=''
CXX='/opt/buildroot-gcc342/bin/mipsel-linux-uclibc-g++ '
CXXCPP='/opt/buildroot-gcc342/bin/mipsel-linux-uclibc-g++  -E'
CXXDEPMODE='depmode=gcc3'
CXXFLAGS='-O2 -fomit-frame-pointer -pipe  -Dlinux -D__linux__ -Dunix -DEMBED -I/home/defjovi/projects/RT-N56U/source/lib/include -I/home/defjovi/projects/RT-N56U/source/uClibc++/include -I/home/defjovi/projects/RT-N56U/source  '
CYGPATH_W='echo'
DEFS='-DPACKAGE_NAME=\"sqlite\" -DPACKAGE_TARNAME=\"sqlite\" -DPACKAGE_VERSION=\"3.7.5\" -DPACKAGE_STRING=\"sqlite\ 3.7.5\" -DPACKAGE_BUGREPORT=\"http://www.sqlite.org\" -DPACKAGE=\"sqlite\" -DVERSION=\"3.7.5\" -D_FILE_OFFSET_BITS=64 -DSTDC_HEADERS=1 -DHAVE_SYS_TYPES_H=1 -DHAVE_SYS_STAT_H=1 -DHAVE_STDLIB_H=1 -DHAVE_STRING_H=1 -DHAVE_MEMORY_H=1 -DHAVE_STRINGS_H=1 -DHAVE_INTTYPES_H=1 -DHAVE_STDINT_H=1 -DHAVE_UNISTD_H=1 -DHAVE_DLFCN_H=1 -DHAVE_FDATASYNC=1 -DHAVE_USLEEP=1 -DHAVE_LOCALTIME_R=1 -DHAVE_GMTIME_R=1'
DEPDIR='.deps'
DYNAMIC_EXTENSION_FLAGS=''
ECHO='echo'
ECHO_C=''
ECHO_N='-n'
ECHO_T=''
EGREP='/bin/grep -E'
EXEEXT=''
F77='gfortran'
FFLAGS='-g -O2'
GREP='/bin/grep'
INSTALL_DATA='${INSTALL} -m 644'
INSTALL_PROGRAM='${INSTALL}'
INSTALL_SCRIPT='${INSTALL}'
INSTALL_STRIP_PROGRAM='${SHELL} $(install_sh) -c -s'
LDFLAGS='-Wl,--fatal-warnings -L/home/defjovi/projects/RT-N56U/source/lib/lib -L/home/defjovi/projects/RT-N56U/source/uClibc++/src -Wl,--fatal-warnings -L/home/defjovi/projects/RT-N56U/source/lib/lib -L/home/defjovi/projects/RT-N56U/source/uClibc++/src'
LIBOBJS=''
LIBS='-ldl -lpthread '
LIBTOOL='$(SHELL) $(top_builddir)/libtool'
LN_S='ln -s'
LTLIBOBJS=''
MAKEINFO='${SHELL} /home/defjovi/projects/RT-N56U/source/user/sqlite-autoconf-3070500/source/missing --run makeinfo'
OBJEXT='o'
PACKAGE='sqlite'
PACKAGE_BUGREPORT='http://www.sqlite.org'
PACKAGE_NAME='sqlite'
PACKAGE_STRING='sqlite 3.7.5'
PACKAGE_TARNAME='sqlite'
PACKAGE_VERSION='3.7.5'
PATH_SEPARATOR=':'
RANLIB='/opt/buildroot-gcc342/bin/mipsel-linux-uclibc-ranlib'
READLINE_LIBS='-lcurses '
SET_MAKE=''
SHELL='/bin/sh'
STRIP='/opt/buildroot-gcc342/bin/mipsel-linux-uclibc-strip'
THREADSAFE_FLAGS='-DSQLITE_THREADSAFE=1'
VERSION='3.7.5'
ac_ct_CC=''
ac_ct_CXX=''
ac_ct_F77='gfortran'
am__fastdepCC_FALSE='#'
am__fastdepCC_TRUE=''
am__fastdepCXX_FALSE='#'
am__fastdepCXX_TRUE=''
am__include='include'
am__leading_dot='.'
am__quote=''
am__tar='${AMTAR} chof - "$$tardir"'
am__untar='${AMTAR} xf -'
bindir='${exec_prefix}/bin'
build='i686-pc-linux-gnu'
build_alias=''
build_cpu='i686'
build_os='linux-gnu'
build_vendor='pc'
datadir='${datarootdir}'
datarootdir='${prefix}/share'
docdir='${datarootdir}/doc/${PACKAGE_TARNAME}'
dvidir='${docdir}'
exec_prefix='${prefix}'
host='mipsel-unknown-linux-gnu'
host_alias='mipsel-linux'
host_cpu='mipsel'
host_os='linux-gnu'
host_vendor='unknown'
htmldir='${docdir}'
includedir='${prefix}/include'
infodir='${datarootdir}/info'
install_sh='/home/defjovi/projects/RT-N56U/source/user/sqlite-autoconf-3070500/source/install-sh'
libdir='${exec_prefix}/lib'
libexecdir='${exec_prefix}/libexec'
localedir='${datarootdir}/locale'
localstatedir='${prefix}/var'
mandir='${datarootdir}/man'
mkdir_p='mkdir -p --'
oldincludedir='/usr/include'
pdfdir='${docdir}'
prefix='/home/defjovi/projects/RT-N56U/source/user/sqlite-autoconf-3070500/source/../install'
program_transform_name='s,x,x,'
psdir='${docdir}'
sbindir='${exec_prefix}/sbin'
sharedstatedir='${prefix}/com'
sysconfdir='${prefix}/etc'
target_alias=''

## ----------- ##
## confdefs.h. ##
## ----------- ##

#define PACKAGE_NAME "sqlite"
#define PACKAGE_TARNAME "sqlite"
#define PACKAGE_VERSION "3.7.5"
#define PACKAGE_STRING "sqlite 3.7.5"
#define PACKAGE_BUGREPORT "http://www.sqlite.org"
#define PACKAGE "sqlite"
#define VERSION "3.7.5"
#define _FILE_OFFSET_BITS 64
#define STDC_HEADERS 1
#define HAVE_SYS_TYPES_H 1
#define HAVE_SYS_STAT_H 1
#define HAVE_STDLIB_H 1
#define HAVE_STRING_H 1
#define HAVE_MEMORY_H 1
#define HAVE_STRINGS_H 1
#define HAVE_INTTYPES_H 1
#define HAVE_STDINT_H 1
#define HAVE_UNISTD_H 1
#define HAVE_DLFCN_H 1
#define HAVE_FDATASYNC 1
#define HAVE_USLEEP 1
#define HAVE_LOCALTIME_R 1
#define HAVE_GMTIME_R 1

configure: exit 0
